[2022-07-04T01:33:49.897Z] Log level: Info
[2022-07-04T01:33:49.903Z] [info] Validating found git in: git
[2022-07-04T01:33:50.003Z] [info] Using git 2.30.2 from git
[2022-07-04T01:33:50.133Z] > git rev-parse --show-toplevel [83ms]
[2022-07-04T01:33:50.133Z] fatal: not a git repository (or any of the parent directories): .git
[2022-07-04T01:33:50.209Z] > git rev-parse --show-toplevel [54ms]
[2022-07-04T01:33:50.231Z] > git rev-parse --git-dir --git-common-dir [7ms]
[2022-07-04T01:33:50.258Z] [info] Open repository: /home/coder/project
[2022-07-04T01:33:50.321Z] > git rev-parse --show-toplevel [17ms]
[2022-07-04T01:33:50.322Z] fatal: not a git repository (or any parent up to mount point /home/coder)
Stopping at filesystem boundary (GIT_DISCOVERY_ACROSS_FILESYSTEM not set).
[2022-07-04T01:33:50.340Z] > git rev-parse --show-toplevel [5ms]
[2022-07-04T01:33:50.340Z] fatal: not a git repository (or any of the parent directories): .git
[2022-07-04T01:33:50.646Z] > git status -z -uall [365ms]
[2022-07-04T01:33:50.664Z] > git symbolic-ref --short HEAD [4ms]
[2022-07-04T01:33:50.686Z] > git for-each-ref --format=%(refname)%00%(upstream:short)%00%(objectname)%00%(upstream:track)%00%(upstream:remotename)%00%(upstream:remoteref) refs/heads/master refs/remotes/master [5ms]
[2022-07-04T01:33:50.718Z] > git remote --verbose [6ms]
[2022-07-04T01:33:50.721Z] > git for-each-ref --sort -committerdate --format %(refname) %(objectname) %(*objectname) [21ms]
[2022-07-04T01:33:53.672Z] > git config --get commit.template [39ms]
[2022-07-04T01:33:53.681Z] > git check-ignore -v -z --stdin [15ms]
[2022-07-04T01:33:53.886Z] > git show --textconv :docker-compose.yaml [17ms]
[2022-07-04T01:33:53.890Z] > git ls-files --stage -- /home/coder/project/docker-compose.yaml [6ms]
[2022-07-04T01:33:53.909Z] > git cat-file -s 3b2f8ad1812e0eefc34828d037470a1a54729ec1 [5ms]
[2022-07-04T01:33:57.072Z] > git status -z -uall [324ms]
[2022-07-04T01:33:57.090Z] > git symbolic-ref --short HEAD [3ms]
[2022-07-04T01:33:57.107Z] > git for-each-ref --format=%(refname)%00%(upstream:short)%00%(objectname)%00%(upstream:track)%00%(upstream:remotename)%00%(upstream:remoteref) refs/heads/master refs/remotes/master [4ms]
[2022-07-04T01:33:57.144Z] > git for-each-ref --sort -committerdate --format %(refname) %(objectname) %(*objectname) [22ms]
[2022-07-04T01:33:57.146Z] > git remote --verbose [6ms]
[2022-07-04T01:34:01.448Z] > git config --get commit.template [4168ms]
[2022-07-04T01:34:06.793Z] > git status -z -uall [329ms]
[2022-07-04T01:34:06.811Z] > git symbolic-ref --short HEAD [3ms]
[2022-07-04T01:34:06.829Z] > git for-each-ref --format=%(refname)%00%(upstream:short)%00%(objectname)%00%(upstream:track)%00%(upstream:remotename)%00%(upstream:remoteref) refs/heads/master refs/remotes/master [4ms]
[2022-07-04T01:34:06.859Z] > git for-each-ref --sort -committerdate --format %(refname) %(objectname) %(*objectname) [16ms]
[2022-07-04T01:34:06.861Z] > git remote --verbose [5ms]
[2022-07-04T01:34:10.968Z] > git config --get commit.template [9ms]
[2022-07-04T01:34:14.297Z] > git check-ignore -v -z --stdin [6ms]
[2022-07-04T01:34:16.311Z] > git status -z -uall [324ms]
[2022-07-04T01:34:16.330Z] > git symbolic-ref --short HEAD [4ms]
[2022-07-04T01:34:16.348Z] > git for-each-ref --format=%(refname)%00%(upstream:short)%00%(objectname)%00%(upstream:track)%00%(upstream:remotename)%00%(upstream:remoteref) refs/heads/master refs/remotes/master [3ms]
[2022-07-04T01:34:16.381Z] > git for-each-ref --sort -committerdate --format %(refname) %(objectname) %(*objectname) [18ms]
[2022-07-04T01:34:16.382Z] > git remote --verbose [4ms]
[2022-07-04T01:34:16.508Z] > git config --get commit.template [3ms]
