[2022-07-04T01:33:41.797Z] Log level: Info
[2022-07-04T01:33:41.803Z] [info] Validating found git in: git
[2022-07-04T01:33:41.905Z] [info] Using git 2.30.2 from git
[2022-07-04T01:33:42.036Z] > git rev-parse --show-toplevel [83ms]
[2022-07-04T01:33:42.036Z] fatal: not a git repository (or any of the parent directories): .git
[2022-07-04T01:33:42.115Z] > git rev-parse --show-toplevel [57ms]
[2022-07-04T01:33:42.135Z] > git rev-parse --git-dir --git-common-dir [7ms]
[2022-07-04T01:33:42.163Z] [info] Open repository: /home/coder/project
[2022-07-04T01:33:42.246Z] > git rev-parse --show-toplevel [36ms]
[2022-07-04T01:33:42.246Z] fatal: not a git repository (or any parent up to mount point /home/coder)
Stopping at filesystem boundary (GIT_DISCOVERY_ACROSS_FILESYSTEM not set).
[2022-07-04T01:33:42.349Z] > git rev-parse --show-toplevel [91ms]
[2022-07-04T01:33:42.349Z] fatal: not a git repository (or any of the parent directories): .git
[2022-07-04T01:33:42.548Z] > git status -z -uall [353ms]
[2022-07-04T01:33:42.566Z] > git symbolic-ref --short HEAD [3ms]
[2022-07-04T01:33:42.587Z] > git for-each-ref --format=%(refname)%00%(upstream:short)%00%(objectname)%00%(upstream:track)%00%(upstream:remotename)%00%(upstream:remoteref) refs/heads/master refs/remotes/master [6ms]
[2022-07-04T01:33:42.617Z] > git remote --verbose [7ms]
[2022-07-04T01:33:42.620Z] > git for-each-ref --sort -committerdate --format %(refname) %(objectname) %(*objectname) [21ms]
[2022-07-04T01:33:45.434Z] > git check-ignore -v -z --stdin [2543ms]
[2022-07-04T01:33:45.440Z] > git show --textconv :docker-compose.yaml [65ms]
[2022-07-04T01:33:45.440Z] > git config --get commit.template [35ms]
[2022-07-04T01:33:45.447Z] > git ls-files --stage -- /home/coder/project/docker-compose.yaml [58ms]
[2022-07-04T01:33:45.488Z] > git cat-file -s 3b2f8ad1812e0eefc34828d037470a1a54729ec1 [26ms]
