[2022-07-04 11:18:54.633] [exthost] [info] Extension host with pid 75 started
[2022-07-04 11:18:54.696] [exthost] [info] Lock '/home/coder/.local/share/code-server/User/workspaceStorage/-355761b7/vscode.lock': Lock acquired.
[2022-07-04 11:18:54.774] [exthost] [info] ExtensionService#_doActivateExtension vscode.debug-auto-launch, startup: true, activationEvent: '*'
[2022-07-04 11:18:54.801] [exthost] [info] ExtensionService#_doActivateExtension vscode.git-base, startup: true, activationEvent: '*'
[2022-07-04 11:18:54.819] [exthost] [info] ExtensionService#_doActivateExtension vscode.ipynb, startup: true, activationEvent: '*'
[2022-07-04 11:18:55.307] [exthost] [info] ExtensionService#_doActivateExtension vscode.github, startup: true, activationEvent: '*'
[2022-07-04 11:18:55.365] [exthost] [info] ExtensionService#_doActivateExtension vscode.emmet, startup: false, activationEvent: 'onStartupFinished'
[2022-07-04 11:18:55.416] [exthost] [info] ExtensionService#_doActivateExtension vscode.merge-conflict, startup: false, activationEvent: 'onStartupFinished'
[2022-07-04 11:18:55.431] [exthost] [info] Eager extensions activated
[2022-07-04 11:18:55.704] [exthost] [info] ExtensionService#_doActivateExtension vscode.git, startup: false, activationEvent: 'api', root cause: vscode.github
[2022-07-04 11:18:59.554] [exthost] [warning] [Decorations] CAPPING events from decorations provider vscode.git 2974
[2022-07-04 11:19:04.916] [exthost] [info] ExtensionService#_doActivateExtension vscode.configuration-editing, startup: false, activationEvent: 'onLanguage:jsonc'
[2022-07-04 11:19:04.936] [exthost] [info] ExtensionService#_doActivateExtension vscode.json-language-features, startup: false, activationEvent: 'onLanguage:jsonc'
[2022-07-04 11:19:05.169] [exthost] [info] ExtensionService#_doActivateExtension vscode.typescript-language-features, startup: false, activationEvent: 'onLanguage:jsonc'
[2022-07-04 11:19:05.938] [exthost] [warning] [Decorations] CAPPING events from decorations provider vscode.git 2976
[2022-07-04 11:19:15.818] [exthost] [warning] [Decorations] CAPPING events from decorations provider vscode.git 2976
[2022-07-04 11:19:25.447] [exthost] [warning] [Decorations] CAPPING events from decorations provider vscode.git 2976
[2022-07-04 11:19:34.916] [exthost] [warning] [Decorations] CAPPING events from decorations provider vscode.git 2976
[2022-07-04 11:19:40.498] [exthost] [warning] [Decorations] CAPPING events from decorations provider vscode.git 2976
[2022-07-04 11:19:49.801] [exthost] [warning] [Decorations] CAPPING events from decorations provider vscode.git 2976
[2022-07-04 11:19:55.337] [exthost] [warning] [Decorations] CAPPING events from decorations provider vscode.git 2976
[2022-07-04 11:20:00.870] [exthost] [warning] [Decorations] CAPPING events from decorations provider vscode.git 2976
[2022-07-04 11:20:05.289] [exthost] [info] Extension host terminating: received terminate message from renderer
[2022-07-04 11:20:05.291] [exthost] [info] Lock '/home/coder/.local/share/code-server/User/workspaceStorage/-355761b7/vscode.lock': Marking the lockfile as scheduled to be released in 6000 ms.
[2022-07-04 11:20:05.342] [exthost] [info] Extension host with pid 75 exiting with code 0
