[2022-07-04T01:18:55.984Z] Log level: Info
[2022-07-04T01:18:55.990Z] [info] Validating found git in: git
[2022-07-04T01:18:56.096Z] [info] Using git 2.30.2 from git
[2022-07-04T01:18:56.167Z] > git rev-parse --show-toplevel [15ms]
[2022-07-04T01:18:56.167Z] fatal: not a git repository (or any of the parent directories): .git
[2022-07-04T01:18:56.250Z] > git rev-parse --show-toplevel [58ms]
[2022-07-04T01:18:56.250Z] fatal: not a git repository (or any parent up to mount point /home/coder)
Stopping at filesystem boundary (GIT_DISCOVERY_ACROSS_FILESYSTEM not set).
[2022-07-04T01:18:56.271Z] > git rev-parse --show-toplevel [9ms]
[2022-07-04T01:18:56.271Z] fatal: not a git repository (or any of the parent directories): .git
[2022-07-04T01:18:56.291Z] > git rev-parse --show-toplevel [9ms]
[2022-07-04T01:18:56.313Z] > git rev-parse --git-dir --git-common-dir [6ms]
[2022-07-04T01:18:56.341Z] [info] Open repository: /home/coder/project
[2022-07-04T01:18:56.927Z] > git check-ignore -v -z --stdin [6ms]
[2022-07-04T01:18:59.273Z] > git status -z -uall [2909ms]
[2022-07-04T01:18:59.291Z] > git symbolic-ref --short HEAD [3ms]
[2022-07-04T01:18:59.306Z] > git for-each-ref --format=%(refname)%00%(upstream:short)%00%(objectname)%00%(upstream:track)%00%(upstream:remotename)%00%(upstream:remoteref) refs/heads/master refs/remotes/master [3ms]
[2022-07-04T01:18:59.334Z] > git remote --verbose [5ms]
[2022-07-04T01:18:59.336Z] > git for-each-ref --sort -committerdate --format %(refname) %(objectname) %(*objectname) [18ms]
[2022-07-04T01:19:02.063Z] > git config --get commit.template [21ms]
[2022-07-04T01:19:05.627Z] > git rev-parse --show-toplevel [7ms]
[2022-07-04T01:19:05.627Z] fatal: not a git repository (or any of the parent directories): .git
[2022-07-04T01:19:05.752Z] > git status -z -uall [433ms]
[2022-07-04T01:19:05.769Z] > git symbolic-ref --short HEAD [3ms]
[2022-07-04T01:19:05.787Z] > git for-each-ref --format=%(refname)%00%(upstream:short)%00%(objectname)%00%(upstream:track)%00%(upstream:remotename)%00%(upstream:remoteref) refs/heads/master refs/remotes/master [4ms]
[2022-07-04T01:19:05.817Z] > git for-each-ref --sort -committerdate --format %(refname) %(objectname) %(*objectname) [17ms]
[2022-07-04T01:19:05.819Z] > git remote --verbose [6ms]
[2022-07-04T01:19:10.265Z] > git config --get commit.template [4296ms]
[2022-07-04T01:19:10.335Z] > git rev-parse --show-toplevel [3ms]
[2022-07-04T01:19:10.335Z] fatal: not a git repository (or any of the parent directories): .git
[2022-07-04T01:19:11.935Z] > git rev-parse --show-toplevel [4ms]
[2022-07-04T01:19:11.935Z] fatal: not a git repository (or any of the parent directories): .git
[2022-07-04T01:19:14.629Z] > git rev-parse --show-toplevel [10ms]
[2022-07-04T01:19:14.629Z] fatal: not a git repository (or any of the parent directories): .git
[2022-07-04T01:19:15.622Z] > git status -z -uall [339ms]
[2022-07-04T01:19:15.640Z] > git symbolic-ref --short HEAD [3ms]
[2022-07-04T01:19:15.660Z] > git for-each-ref --format=%(refname)%00%(upstream:short)%00%(objectname)%00%(upstream:track)%00%(upstream:remotename)%00%(upstream:remoteref) refs/heads/master refs/remotes/master [6ms]
[2022-07-04T01:19:15.691Z] > git for-each-ref --sort -committerdate --format %(refname) %(objectname) %(*objectname) [17ms]
[2022-07-04T01:19:15.696Z] > git remote --verbose [8ms]
[2022-07-04T01:19:19.910Z] > git config --get commit.template [9ms]
[2022-07-04T01:19:19.971Z] > git rev-parse --show-toplevel [3ms]
[2022-07-04T01:19:19.971Z] fatal: not a git repository (or any of the parent directories): .git
[2022-07-04T01:19:20.274Z] > git rev-parse --show-toplevel [3ms]
[2022-07-04T01:19:20.274Z] fatal: not a git repository (or any of the parent directories): .git
[2022-07-04T01:19:20.726Z] > git rev-parse --show-toplevel [3ms]
[2022-07-04T01:19:20.726Z] fatal: not a git repository (or any of the parent directories): .git
[2022-07-04T01:19:25.243Z] > git rev-parse --show-toplevel [3ms]
[2022-07-04T01:19:25.243Z] fatal: not a git repository (or any of the parent directories): .git
[2022-07-04T01:19:25.270Z] > git status -z -uall [341ms]
[2022-07-04T01:19:25.291Z] > git symbolic-ref --short HEAD [4ms]
[2022-07-04T01:19:25.311Z] > git for-each-ref --format=%(refname)%00%(upstream:short)%00%(objectname)%00%(upstream:track)%00%(upstream:remotename)%00%(upstream:remoteref) refs/heads/master refs/remotes/master [4ms]
[2022-07-04T01:19:25.347Z] > git for-each-ref --sort -committerdate --format %(refname) %(objectname) %(*objectname) [21ms]
[2022-07-04T01:19:25.348Z] > git remote --verbose [6ms]
[2022-07-04T01:19:29.397Z] > git config --get commit.template [3916ms]
[2022-07-04T01:19:29.727Z] > git rev-parse --show-toplevel [4ms]
[2022-07-04T01:19:29.727Z] fatal: not a git repository (or any of the parent directories): .git
[2022-07-04T01:19:33.967Z] > git rev-parse --show-toplevel [5ms]
[2022-07-04T01:19:33.967Z] fatal: not a git repository (or any of the parent directories): .git
[2022-07-04T01:19:34.748Z] > git status -z -uall [330ms]
[2022-07-04T01:19:34.771Z] > git symbolic-ref --short HEAD [5ms]
[2022-07-04T01:19:34.793Z] > git for-each-ref --format=%(refname)%00%(upstream:short)%00%(objectname)%00%(upstream:track)%00%(upstream:remotename)%00%(upstream:remoteref) refs/heads/master refs/remotes/master [5ms]
[2022-07-04T01:19:34.830Z] > git for-each-ref --sort -committerdate --format %(refname) %(objectname) %(*objectname) [20ms]
[2022-07-04T01:19:34.831Z] > git remote --verbose [5ms]
[2022-07-04T01:19:34.960Z] > git config --get commit.template [9ms]
[2022-07-04T01:19:38.860Z] > git rev-parse --show-toplevel [3ms]
[2022-07-04T01:19:38.860Z] fatal: not a git repository (or any of the parent directories): .git
[2022-07-04T01:19:40.266Z] > git rev-parse --show-toplevel [7ms]
[2022-07-04T01:19:40.266Z] fatal: not a git repository (or any of the parent directories): .git
[2022-07-04T01:19:40.328Z] > git status -z -uall [348ms]
[2022-07-04T01:19:40.354Z] > git symbolic-ref --short HEAD [7ms]
[2022-07-04T01:19:40.377Z] > git for-each-ref --format=%(refname)%00%(upstream:short)%00%(objectname)%00%(upstream:track)%00%(upstream:remotename)%00%(upstream:remoteref) refs/heads/master refs/remotes/master [3ms]
[2022-07-04T01:19:40.422Z] > git for-each-ref --sort -committerdate --format %(refname) %(objectname) %(*objectname) [26ms]
[2022-07-04T01:19:40.425Z] > git remote --verbose [7ms]
[2022-07-04T01:19:44.275Z] > git config --get commit.template [3731ms]
[2022-07-04T01:19:49.622Z] > git status -z -uall [326ms]
[2022-07-04T01:19:49.645Z] > git symbolic-ref --short HEAD [3ms]
[2022-07-04T01:19:49.678Z] > git for-each-ref --format=%(refname)%00%(upstream:short)%00%(objectname)%00%(upstream:track)%00%(upstream:remotename)%00%(upstream:remoteref) refs/heads/master refs/remotes/master [3ms]
[2022-07-04T01:19:49.721Z] > git remote --verbose [4ms]
[2022-07-04T01:19:49.723Z] > git for-each-ref --sort -committerdate --format %(refname) %(objectname) %(*objectname) [25ms]
[2022-07-04T01:19:49.834Z] > git config --get commit.template [3ms]
[2022-07-04T01:19:53.957Z] > git show --textconv :docker-compose.yaml [20ms]
[2022-07-04T01:19:53.961Z] > git ls-files --stage -- /home/coder/project/docker-compose.yaml [6ms]
[2022-07-04T01:19:53.983Z] > git cat-file -s 3b2f8ad1812e0eefc34828d037470a1a54729ec1 [5ms]
[2022-07-04T01:19:54.253Z] > git check-ignore -v -z --stdin [7ms]
[2022-07-04T01:19:55.180Z] > git status -z -uall [327ms]
[2022-07-04T01:19:55.199Z] > git symbolic-ref --short HEAD [3ms]
[2022-07-04T01:19:55.219Z] > git for-each-ref --format=%(refname)%00%(upstream:short)%00%(objectname)%00%(upstream:track)%00%(upstream:remotename)%00%(upstream:remoteref) refs/heads/master refs/remotes/master [4ms]
[2022-07-04T01:19:55.253Z] > git for-each-ref --sort -committerdate --format %(refname) %(objectname) %(*objectname) [18ms]
[2022-07-04T01:19:55.255Z] > git remote --verbose [3ms]
[2022-07-04T01:19:55.370Z] > git config --get commit.template [3ms]
[2022-07-04T01:20:00.707Z] > git status -z -uall [320ms]
[2022-07-04T01:20:00.724Z] > git symbolic-ref --short HEAD [3ms]
[2022-07-04T01:20:00.742Z] > git for-each-ref --format=%(refname)%00%(upstream:short)%00%(objectname)%00%(upstream:track)%00%(upstream:remotename)%00%(upstream:remoteref) refs/heads/master refs/remotes/master [3ms]
[2022-07-04T01:20:00.775Z] > git remote --verbose [4ms]
[2022-07-04T01:20:00.776Z] > git for-each-ref --sort -committerdate --format %(refname) %(objectname) %(*objectname) [19ms]
[2022-07-04T01:20:00.909Z] > git config --get commit.template [2ms]
