1655363283: mosquitto version 2.0.14 starting
1655363283: Config loaded from /mosquitto/config/mosquitto.conf.
1655363283: Opening ipv4 listen socket on port 1883.
1655363283: Opening ipv6 listen socket on port 1883.
1655363283: mosquitto version 2.0.14 running
1655363965: mosquitto version 2.0.14 terminating
1655363965: Saving in-memory database to /mosquitto/data//mosquitto.db.
1655364001: mosquitto version 2.0.14 starting
1655364001: Config loaded from /mosquitto/config/mosquitto.conf.
1655364001: Opening ipv4 listen socket on port 1883.
1655364001: Opening ipv6 listen socket on port 1883.
1655364001: mosquitto version 2.0.14 running
1655365802: Saving in-memory database to /mosquitto/data//mosquitto.db.
1655366715: New connection from 172.21.0.1:37156 on port 1883.
1655366715: New client connected from 172.21.0.1:37156 as nodered_00593adbc073c08f (p2, c1, k60).
1655366806: Client nodered_00593adbc073c08f disconnected.
1655366807: New connection from 172.21.0.1:37278 on port 1883.
1655366807: New client connected from 172.21.0.1:37278 as nodered_f7415825d6530c64 (p2, c1, k60).
1655366940: New connection from 172.21.0.1:37450 on port 1883.
1655366940: New client connected from 172.21.0.1:37450 as nodered_ba5c10323d157019 (p2, c1, k60).
1655366969: New connection from 172.21.0.1:37488 on port 1883.
1655366969: New client connected from 172.21.0.1:37488 as nodered_7b566166dd82a23b (p2, c1, k60).
1655367116: New connection from 172.21.0.1:37672 on port 1883.
1655367116: New client connected from 172.21.0.1:37672 as test (p2, c1, k60).
1655367603: Saving in-memory database to /mosquitto/data//mosquitto.db.
1655369404: Saving in-memory database to /mosquitto/data//mosquitto.db.
1655371205: Saving in-memory database to /mosquitto/data//mosquitto.db.
1655373006: Saving in-memory database to /mosquitto/data//mosquitto.db.
1655374807: Saving in-memory database to /mosquitto/data//mosquitto.db.
1655376608: Saving in-memory database to /mosquitto/data//mosquitto.db.
1655378409: Saving in-memory database to /mosquitto/data//mosquitto.db.
1655380210: Saving in-memory database to /mosquitto/data//mosquitto.db.
1655382011: Saving in-memory database to /mosquitto/data//mosquitto.db.
1655383812: Saving in-memory database to /mosquitto/data//mosquitto.db.
1655385613: Saving in-memory database to /mosquitto/data//mosquitto.db.
1655387414: Saving in-memory database to /mosquitto/data//mosquitto.db.
1655389215: Saving in-memory database to /mosquitto/data//mosquitto.db.
1655391016: Saving in-memory database to /mosquitto/data//mosquitto.db.
1655392817: Saving in-memory database to /mosquitto/data//mosquitto.db.
1655394618: Saving in-memory database to /mosquitto/data//mosquitto.db.
1655396419: Saving in-memory database to /mosquitto/data//mosquitto.db.
1655398220: Saving in-memory database to /mosquitto/data//mosquitto.db.
1655400021: Saving in-memory database to /mosquitto/data//mosquitto.db.
1655401822: Saving in-memory database to /mosquitto/data//mosquitto.db.
1655403623: Saving in-memory database to /mosquitto/data//mosquitto.db.
1655405424: Saving in-memory database to /mosquitto/data//mosquitto.db.
1655407225: Saving in-memory database to /mosquitto/data//mosquitto.db.
1655409026: Saving in-memory database to /mosquitto/data//mosquitto.db.
1655410827: Saving in-memory database to /mosquitto/data//mosquitto.db.
1655412628: Saving in-memory database to /mosquitto/data//mosquitto.db.
1655414429: Saving in-memory database to /mosquitto/data//mosquitto.db.
1655416230: Saving in-memory database to /mosquitto/data//mosquitto.db.
1655418031: Saving in-memory database to /mosquitto/data//mosquitto.db.
1655419832: Saving in-memory database to /mosquitto/data//mosquitto.db.
1655421633: Saving in-memory database to /mosquitto/data//mosquitto.db.
1655423434: Saving in-memory database to /mosquitto/data//mosquitto.db.
1655425235: Saving in-memory database to /mosquitto/data//mosquitto.db.
1655427036: Saving in-memory database to /mosquitto/data//mosquitto.db.
1655428837: Saving in-memory database to /mosquitto/data//mosquitto.db.
1655430638: Saving in-memory database to /mosquitto/data//mosquitto.db.
1655431506: Client nodered_7b566166dd82a23b closed its connection.
1655431506: Client test closed its connection.
1655431506: Client nodered_ba5c10323d157019 closed its connection.
1655431506: Client nodered_f7415825d6530c64 closed its connection.
1655431522: mosquitto version 2.0.14 terminating
1655431522: Saving in-memory database to /mosquitto/data//mosquitto.db.
1655431546: mosquitto version 2.0.14 starting
1655431546: Config loaded from /mosquitto/config/mosquitto.conf.
1655431546: Opening ipv4 listen socket on port 1883.
1655431546: Opening ipv6 listen socket on port 1883.
1655431546: mosquitto version 2.0.14 running
1655431556: New connection from 172.22.0.1:41210 on port 1883.
1655431556: New client connected from 172.22.0.1:41210 as test (p2, c1, k60).
1655431682: Client test closed its connection.
1655431698: mosquitto version 2.0.14 terminating
1655431698: Saving in-memory database to /mosquitto/data//mosquitto.db.
1655431777: mosquitto version 2.0.14 starting
1655431777: Config loaded from /mosquitto/config/mosquitto.conf.
1655431777: Opening ipv4 listen socket on port 1883.
1655431777: Opening ipv6 listen socket on port 1883.
1655431777: mosquitto version 2.0.14 running
1655431785: New connection from 172.22.0.1:36297 on port 1883.
1655431785: New client connected from 172.22.0.1:36297 as test (p2, c1, k60).
1655433577: Saving in-memory database to /mosquitto/data//mosquitto.db.
1655434107: Client test closed its connection.
1655434130: mosquitto version 2.0.14 starting
1655434130: Config loaded from /mosquitto/config/mosquitto.conf.
1655434130: Opening ipv4 listen socket on port 1883.
1655434130: Opening ipv6 listen socket on port 1883.
1655434130: mosquitto version 2.0.14 running
1655434148: New connection from 172.22.0.1:35602 on port 1883.
1655434148: New client connected from 172.22.0.1:35602 as test (p2, c1, k60).
1655435931: Saving in-memory database to /mosquitto/data//mosquitto.db.
1655437732: Saving in-memory database to /mosquitto/data//mosquitto.db.
1655439533: Saving in-memory database to /mosquitto/data//mosquitto.db.
1655440174: mosquitto version 2.0.14 starting
1655440174: Config loaded from /mosquitto/config/mosquitto.conf.
1655440174: Opening ipv4 listen socket on port 1883.
1655440174: Opening ipv6 listen socket on port 1883.
1655440174: mosquitto version 2.0.14 running
1655440191: New connection from 172.22.0.1:54830 on port 1883.
1655440191: New client connected from 172.22.0.1:54830 as test (p2, c1, k60).
1655440495: mosquitto version 2.0.14 starting
1655440495: Config loaded from /mosquitto/config/mosquitto.conf.
1655440495: Opening ipv4 listen socket on port 1883.
1655440495: Opening ipv6 listen socket on port 1883.
1655440495: mosquitto version 2.0.14 running
1655440511: New connection from 172.22.0.1:52151 on port 1883.
1655440511: New client connected from 172.22.0.1:52151 as test (p2, c1, k60).
1655441012: mosquitto version 2.0.14 starting
1655441012: Config loaded from /mosquitto/config/mosquitto.conf.
1655441012: Opening ipv4 listen socket on port 1883.
1655441012: Opening ipv6 listen socket on port 1883.
1655441012: mosquitto version 2.0.14 running
1655441029: New connection from 172.22.0.1:44224 on port 1883.
1655441029: New client connected from 172.22.0.1:44224 as test (p2, c1, k60).
1655444372: mosquitto version 2.0.14 starting
1655444372: Config loaded from /mosquitto/config/mosquitto.conf.
1655444372: Opening ipv4 listen socket on port 1883.
1655444372: Opening ipv6 listen socket on port 1883.
1655444372: mosquitto version 2.0.14 running
1655444382: New connection from 172.22.0.1:60347 on port 1883.
1655444382: New client connected from 172.22.0.1:60347 as test (p2, c1, k60).
1655445375: mosquitto version 2.0.14 starting
1655445375: Config loaded from /mosquitto/config/mosquitto.conf.
1655445375: Opening ipv4 listen socket on port 1883.
1655445375: Opening ipv6 listen socket on port 1883.
1655445375: mosquitto version 2.0.14 running
1655445389: New connection from 172.22.0.1:46243 on port 1883.
1655445389: New client connected from 172.22.0.1:46243 as test (p2, c1, k60).
1655446753: mosquitto version 2.0.14 starting
1655446753: Config loaded from /mosquitto/config/mosquitto.conf.
1655446753: Opening ipv4 listen socket on port 1883.
1655446753: Opening ipv6 listen socket on port 1883.
1655446753: mosquitto version 2.0.14 running
1655446768: New connection from 172.22.0.1:55283 on port 1883.
1655446768: New client connected from 172.22.0.1:55283 as test (p2, c1, k60).
1655447402: mosquitto version 2.0.14 starting
1655447402: Config loaded from /mosquitto/config/mosquitto.conf.
1655447402: Opening ipv4 listen socket on port 1883.
1655447402: Opening ipv6 listen socket on port 1883.
1655447402: mosquitto version 2.0.14 running
1655447421: New connection from 172.22.0.1:59644 on port 1883.
1655447421: New client connected from 172.22.0.1:59644 as test (p2, c1, k60).
1655449035: Client test closed its connection.
1655449035: mosquitto version 2.0.14 terminating
1655449035: Saving in-memory database to /mosquitto/data//mosquitto.db.
1655449137: mosquitto version 2.0.14 starting
1655449137: Config loaded from /mosquitto/config/mosquitto.conf.
1655449137: Opening ipv4 listen socket on port 1883.
1655449137: Opening ipv6 listen socket on port 1883.
1655449137: mosquitto version 2.0.14 running
1655449157: New connection from 172.22.0.1:51568 on port 1883.
1655449157: New client connected from 172.22.0.1:51568 as test (p2, c1, k60).
1655449924: mosquitto version 2.0.14 starting
1655449924: Config loaded from /mosquitto/config/mosquitto.conf.
1655449924: Opening ipv4 listen socket on port 1883.
1655449924: Opening ipv6 listen socket on port 1883.
1655449924: mosquitto version 2.0.14 running
1655449943: New connection from 172.22.0.1:36113 on port 1883.
1655449943: New client connected from 172.22.0.1:36113 as test (p2, c1, k60).
1655451725: Saving in-memory database to /mosquitto/data//mosquitto.db.
1655453526: Saving in-memory database to /mosquitto/data//mosquitto.db.
1655455327: Saving in-memory database to /mosquitto/data//mosquitto.db.
1655457128: Saving in-memory database to /mosquitto/data//mosquitto.db.
1655458929: Saving in-memory database to /mosquitto/data//mosquitto.db.
1655460730: Saving in-memory database to /mosquitto/data//mosquitto.db.
1655462531: Saving in-memory database to /mosquitto/data//mosquitto.db.
1655464332: Saving in-memory database to /mosquitto/data//mosquitto.db.
1655466133: Saving in-memory database to /mosquitto/data//mosquitto.db.
1655467934: Saving in-memory database to /mosquitto/data//mosquitto.db.
1655469735: Saving in-memory database to /mosquitto/data//mosquitto.db.
1655471536: Saving in-memory database to /mosquitto/data//mosquitto.db.
1655473337: Saving in-memory database to /mosquitto/data//mosquitto.db.
1655475138: Saving in-memory database to /mosquitto/data//mosquitto.db.
1655476939: Saving in-memory database to /mosquitto/data//mosquitto.db.
1655478740: Saving in-memory database to /mosquitto/data//mosquitto.db.
1655480541: Saving in-memory database to /mosquitto/data//mosquitto.db.
1655482342: Saving in-memory database to /mosquitto/data//mosquitto.db.
1655484143: Saving in-memory database to /mosquitto/data//mosquitto.db.
1655485944: Saving in-memory database to /mosquitto/data//mosquitto.db.
1655487745: Saving in-memory database to /mosquitto/data//mosquitto.db.
1655489546: Saving in-memory database to /mosquitto/data//mosquitto.db.
1655491347: Saving in-memory database to /mosquitto/data//mosquitto.db.
1655493148: Saving in-memory database to /mosquitto/data//mosquitto.db.
1655494949: Saving in-memory database to /mosquitto/data//mosquitto.db.
1655496750: Saving in-memory database to /mosquitto/data//mosquitto.db.
1655498551: Saving in-memory database to /mosquitto/data//mosquitto.db.
1655500352: Saving in-memory database to /mosquitto/data//mosquitto.db.
1655502153: Saving in-memory database to /mosquitto/data//mosquitto.db.
1655503954: Saving in-memory database to /mosquitto/data//mosquitto.db.
1655505755: Saving in-memory database to /mosquitto/data//mosquitto.db.
1655507556: Saving in-memory database to /mosquitto/data//mosquitto.db.
1655509357: Saving in-memory database to /mosquitto/data//mosquitto.db.
1655511158: Saving in-memory database to /mosquitto/data//mosquitto.db.
1655512959: Saving in-memory database to /mosquitto/data//mosquitto.db.
1655514374: New connection from 172.22.0.1:42430 on port 1883.
1655514374: Client test already connected, closing old connection.
1655514374: New client connected from 172.22.0.1:42430 as test (p2, c1, k60).
1655514760: Saving in-memory database to /mosquitto/data//mosquitto.db.
1655516561: Saving in-memory database to /mosquitto/data//mosquitto.db.
1655518362: Saving in-memory database to /mosquitto/data//mosquitto.db.
1655520163: Saving in-memory database to /mosquitto/data//mosquitto.db.
1655521964: Saving in-memory database to /mosquitto/data//mosquitto.db.
1655523765: Saving in-memory database to /mosquitto/data//mosquitto.db.
1655525566: Saving in-memory database to /mosquitto/data//mosquitto.db.
1655527367: Saving in-memory database to /mosquitto/data//mosquitto.db.
1655529168: Saving in-memory database to /mosquitto/data//mosquitto.db.
1655530969: Saving in-memory database to /mosquitto/data//mosquitto.db.
1655532770: Saving in-memory database to /mosquitto/data//mosquitto.db.
1655534571: Saving in-memory database to /mosquitto/data//mosquitto.db.
1655536372: Saving in-memory database to /mosquitto/data//mosquitto.db.
1655538173: Saving in-memory database to /mosquitto/data//mosquitto.db.
1655539974: Saving in-memory database to /mosquitto/data//mosquitto.db.
1655541775: Saving in-memory database to /mosquitto/data//mosquitto.db.
1655543576: Saving in-memory database to /mosquitto/data//mosquitto.db.
1655545377: Saving in-memory database to /mosquitto/data//mosquitto.db.
1655547178: Saving in-memory database to /mosquitto/data//mosquitto.db.
1655548979: Saving in-memory database to /mosquitto/data//mosquitto.db.
1655550780: Saving in-memory database to /mosquitto/data//mosquitto.db.
1655552581: Saving in-memory database to /mosquitto/data//mosquitto.db.
1655554382: Saving in-memory database to /mosquitto/data//mosquitto.db.
1655556183: Saving in-memory database to /mosquitto/data//mosquitto.db.
1655557984: Saving in-memory database to /mosquitto/data//mosquitto.db.
1655559785: Saving in-memory database to /mosquitto/data//mosquitto.db.
1655561586: Saving in-memory database to /mosquitto/data//mosquitto.db.
1655563387: Saving in-memory database to /mosquitto/data//mosquitto.db.
1655565188: Saving in-memory database to /mosquitto/data//mosquitto.db.
1655566989: Saving in-memory database to /mosquitto/data//mosquitto.db.
1655568790: Saving in-memory database to /mosquitto/data//mosquitto.db.
1655570591: Saving in-memory database to /mosquitto/data//mosquitto.db.
1655572392: Saving in-memory database to /mosquitto/data//mosquitto.db.
1655574193: Saving in-memory database to /mosquitto/data//mosquitto.db.
1655575994: Saving in-memory database to /mosquitto/data//mosquitto.db.
1655577795: Saving in-memory database to /mosquitto/data//mosquitto.db.
1655579596: Saving in-memory database to /mosquitto/data//mosquitto.db.
1655581397: Saving in-memory database to /mosquitto/data//mosquitto.db.
1655583198: Saving in-memory database to /mosquitto/data//mosquitto.db.
1655584999: Saving in-memory database to /mosquitto/data//mosquitto.db.
1655586800: Saving in-memory database to /mosquitto/data//mosquitto.db.
1655588601: Saving in-memory database to /mosquitto/data//mosquitto.db.
1655590402: Saving in-memory database to /mosquitto/data//mosquitto.db.
1655592203: Saving in-memory database to /mosquitto/data//mosquitto.db.
1655594004: Saving in-memory database to /mosquitto/data//mosquitto.db.
1655595805: Saving in-memory database to /mosquitto/data//mosquitto.db.
1655597606: Saving in-memory database to /mosquitto/data//mosquitto.db.
1655599407: Saving in-memory database to /mosquitto/data//mosquitto.db.
1655601208: Saving in-memory database to /mosquitto/data//mosquitto.db.
1655603009: Saving in-memory database to /mosquitto/data//mosquitto.db.
1655604810: Saving in-memory database to /mosquitto/data//mosquitto.db.
1655606611: Saving in-memory database to /mosquitto/data//mosquitto.db.
1655608412: Saving in-memory database to /mosquitto/data//mosquitto.db.
1655610213: Saving in-memory database to /mosquitto/data//mosquitto.db.
1655612014: Saving in-memory database to /mosquitto/data//mosquitto.db.
1655613815: Saving in-memory database to /mosquitto/data//mosquitto.db.
1655615616: Saving in-memory database to /mosquitto/data//mosquitto.db.
1655617279: New connection from 192.168.50.100:42303 on port 1883.
1655617279: New client connected from 192.168.50.100:42303 as 3jPTRuKhcbxscBAG1ym1wX (p1, c1, k60, u'admin').
1655617279: Client 3jPTRuKhcbxscBAG1ym1wX disconnected.
1655617279: New connection from 192.168.50.100:39760 on port 1883.
1655617279: New client connected from 192.168.50.100:39760 as 35h5KE7UwlLm9iSvz0n1Ep (p2, c1, k60, u'admin').
1655617417: Saving in-memory database to /mosquitto/data//mosquitto.db.
1655619218: Saving in-memory database to /mosquitto/data//mosquitto.db.
1655621019: Saving in-memory database to /mosquitto/data//mosquitto.db.
1655622820: Saving in-memory database to /mosquitto/data//mosquitto.db.
1655624621: Saving in-memory database to /mosquitto/data//mosquitto.db.
1655626422: Saving in-memory database to /mosquitto/data//mosquitto.db.
1655628223: Saving in-memory database to /mosquitto/data//mosquitto.db.
1655630024: Saving in-memory database to /mosquitto/data//mosquitto.db.
1655631825: Saving in-memory database to /mosquitto/data//mosquitto.db.
1655633626: Saving in-memory database to /mosquitto/data//mosquitto.db.
1655635427: Saving in-memory database to /mosquitto/data//mosquitto.db.
1655637228: Saving in-memory database to /mosquitto/data//mosquitto.db.
1655639029: Saving in-memory database to /mosquitto/data//mosquitto.db.
1655640830: Saving in-memory database to /mosquitto/data//mosquitto.db.
1655642631: Saving in-memory database to /mosquitto/data//mosquitto.db.
1655644432: Saving in-memory database to /mosquitto/data//mosquitto.db.
1655646233: Saving in-memory database to /mosquitto/data//mosquitto.db.
1655648034: Saving in-memory database to /mosquitto/data//mosquitto.db.
1655649835: Saving in-memory database to /mosquitto/data//mosquitto.db.
1655651636: Saving in-memory database to /mosquitto/data//mosquitto.db.
1655653437: Saving in-memory database to /mosquitto/data//mosquitto.db.
1655655238: Saving in-memory database to /mosquitto/data//mosquitto.db.
1655657039: Saving in-memory database to /mosquitto/data//mosquitto.db.
1655658840: Saving in-memory database to /mosquitto/data//mosquitto.db.
1655660641: Saving in-memory database to /mosquitto/data//mosquitto.db.
1655662442: Saving in-memory database to /mosquitto/data//mosquitto.db.
1655664243: Saving in-memory database to /mosquitto/data//mosquitto.db.
1655666044: Saving in-memory database to /mosquitto/data//mosquitto.db.
1655667845: Saving in-memory database to /mosquitto/data//mosquitto.db.
1655669646: Saving in-memory database to /mosquitto/data//mosquitto.db.
1655671447: Saving in-memory database to /mosquitto/data//mosquitto.db.
1655673248: Saving in-memory database to /mosquitto/data//mosquitto.db.
1655675049: Saving in-memory database to /mosquitto/data//mosquitto.db.
1655676850: Saving in-memory database to /mosquitto/data//mosquitto.db.
1655678651: Saving in-memory database to /mosquitto/data//mosquitto.db.
1655680452: Saving in-memory database to /mosquitto/data//mosquitto.db.
1655682253: Saving in-memory database to /mosquitto/data//mosquitto.db.
1655684054: Saving in-memory database to /mosquitto/data//mosquitto.db.
1655685855: Saving in-memory database to /mosquitto/data//mosquitto.db.
1655687656: Saving in-memory database to /mosquitto/data//mosquitto.db.
1655689457: Saving in-memory database to /mosquitto/data//mosquitto.db.
1655691258: Saving in-memory database to /mosquitto/data//mosquitto.db.
1655693059: Saving in-memory database to /mosquitto/data//mosquitto.db.
1655694860: Saving in-memory database to /mosquitto/data//mosquitto.db.
1655696661: Saving in-memory database to /mosquitto/data//mosquitto.db.
1655698462: Saving in-memory database to /mosquitto/data//mosquitto.db.
1655700263: Saving in-memory database to /mosquitto/data//mosquitto.db.
1655702064: Saving in-memory database to /mosquitto/data//mosquitto.db.
1655703865: Saving in-memory database to /mosquitto/data//mosquitto.db.
1655705666: Saving in-memory database to /mosquitto/data//mosquitto.db.
1655707467: Saving in-memory database to /mosquitto/data//mosquitto.db.
1655709268: Saving in-memory database to /mosquitto/data//mosquitto.db.
1655711069: Saving in-memory database to /mosquitto/data//mosquitto.db.
1655712870: Saving in-memory database to /mosquitto/data//mosquitto.db.
1655714671: Saving in-memory database to /mosquitto/data//mosquitto.db.
1655716472: Saving in-memory database to /mosquitto/data//mosquitto.db.
1655718273: Saving in-memory database to /mosquitto/data//mosquitto.db.
1655720074: Saving in-memory database to /mosquitto/data//mosquitto.db.
1655721875: Saving in-memory database to /mosquitto/data//mosquitto.db.
1655723676: Saving in-memory database to /mosquitto/data//mosquitto.db.
1655725477: Saving in-memory database to /mosquitto/data//mosquitto.db.
1655727278: Saving in-memory database to /mosquitto/data//mosquitto.db.
1655729079: Saving in-memory database to /mosquitto/data//mosquitto.db.
1655730880: Saving in-memory database to /mosquitto/data//mosquitto.db.
1655732681: Saving in-memory database to /mosquitto/data//mosquitto.db.
1655734482: Saving in-memory database to /mosquitto/data//mosquitto.db.
1655736283: Saving in-memory database to /mosquitto/data//mosquitto.db.
1655738084: Saving in-memory database to /mosquitto/data//mosquitto.db.
1655739885: Saving in-memory database to /mosquitto/data//mosquitto.db.
1655741686: Saving in-memory database to /mosquitto/data//mosquitto.db.
1655743487: Saving in-memory database to /mosquitto/data//mosquitto.db.
1655745288: Saving in-memory database to /mosquitto/data//mosquitto.db.
1655747089: Saving in-memory database to /mosquitto/data//mosquitto.db.
1655748890: Saving in-memory database to /mosquitto/data//mosquitto.db.
1655750691: Saving in-memory database to /mosquitto/data//mosquitto.db.
1655752492: Saving in-memory database to /mosquitto/data//mosquitto.db.
1655754293: Saving in-memory database to /mosquitto/data//mosquitto.db.
1655756094: Saving in-memory database to /mosquitto/data//mosquitto.db.
1655757895: Saving in-memory database to /mosquitto/data//mosquitto.db.
1655759696: Saving in-memory database to /mosquitto/data//mosquitto.db.
1655761497: Saving in-memory database to /mosquitto/data//mosquitto.db.
1655763298: Saving in-memory database to /mosquitto/data//mosquitto.db.
1655765099: Saving in-memory database to /mosquitto/data//mosquitto.db.
1655766900: Saving in-memory database to /mosquitto/data//mosquitto.db.
1655768701: Saving in-memory database to /mosquitto/data//mosquitto.db.
1655770502: Saving in-memory database to /mosquitto/data//mosquitto.db.
1655772303: Saving in-memory database to /mosquitto/data//mosquitto.db.
1655774104: Saving in-memory database to /mosquitto/data//mosquitto.db.
1655775905: Saving in-memory database to /mosquitto/data//mosquitto.db.
1655777706: Saving in-memory database to /mosquitto/data//mosquitto.db.
1655779507: Saving in-memory database to /mosquitto/data//mosquitto.db.
1655781308: Saving in-memory database to /mosquitto/data//mosquitto.db.
1655783109: Saving in-memory database to /mosquitto/data//mosquitto.db.
1655784910: Saving in-memory database to /mosquitto/data//mosquitto.db.
1655786711: Saving in-memory database to /mosquitto/data//mosquitto.db.
1655788512: Saving in-memory database to /mosquitto/data//mosquitto.db.
1655790313: Saving in-memory database to /mosquitto/data//mosquitto.db.
1655792114: Saving in-memory database to /mosquitto/data//mosquitto.db.
1655793915: Saving in-memory database to /mosquitto/data//mosquitto.db.
1655795716: Saving in-memory database to /mosquitto/data//mosquitto.db.
1655797517: Saving in-memory database to /mosquitto/data//mosquitto.db.
1655799318: Saving in-memory database to /mosquitto/data//mosquitto.db.
1655801119: Saving in-memory database to /mosquitto/data//mosquitto.db.
1655802920: Saving in-memory database to /mosquitto/data//mosquitto.db.
1655804721: Saving in-memory database to /mosquitto/data//mosquitto.db.
1655806522: Saving in-memory database to /mosquitto/data//mosquitto.db.
1655808323: Saving in-memory database to /mosquitto/data//mosquitto.db.
1655810124: Saving in-memory database to /mosquitto/data//mosquitto.db.
1655811925: Saving in-memory database to /mosquitto/data//mosquitto.db.
1655813726: Saving in-memory database to /mosquitto/data//mosquitto.db.
1655815527: Saving in-memory database to /mosquitto/data//mosquitto.db.
1655817328: Saving in-memory database to /mosquitto/data//mosquitto.db.
1655819129: Saving in-memory database to /mosquitto/data//mosquitto.db.
1655820930: Saving in-memory database to /mosquitto/data//mosquitto.db.
1655822731: Saving in-memory database to /mosquitto/data//mosquitto.db.
1655824532: Saving in-memory database to /mosquitto/data//mosquitto.db.
1655826333: Saving in-memory database to /mosquitto/data//mosquitto.db.
1655828134: Saving in-memory database to /mosquitto/data//mosquitto.db.
1655829935: Saving in-memory database to /mosquitto/data//mosquitto.db.
1655831736: Saving in-memory database to /mosquitto/data//mosquitto.db.
1655833537: Saving in-memory database to /mosquitto/data//mosquitto.db.
1655835338: Saving in-memory database to /mosquitto/data//mosquitto.db.
1655837139: Saving in-memory database to /mosquitto/data//mosquitto.db.
1655838940: Saving in-memory database to /mosquitto/data//mosquitto.db.
1655840741: Saving in-memory database to /mosquitto/data//mosquitto.db.
1655842542: Saving in-memory database to /mosquitto/data//mosquitto.db.
1655844343: Saving in-memory database to /mosquitto/data//mosquitto.db.
1655846144: Saving in-memory database to /mosquitto/data//mosquitto.db.
1655847945: Saving in-memory database to /mosquitto/data//mosquitto.db.
1655849746: Saving in-memory database to /mosquitto/data//mosquitto.db.
1655851547: Saving in-memory database to /mosquitto/data//mosquitto.db.
1655853348: Saving in-memory database to /mosquitto/data//mosquitto.db.
1655855149: Saving in-memory database to /mosquitto/data//mosquitto.db.
1655856950: Saving in-memory database to /mosquitto/data//mosquitto.db.
1655858751: Saving in-memory database to /mosquitto/data//mosquitto.db.
1655860552: Saving in-memory database to /mosquitto/data//mosquitto.db.
1655862353: Saving in-memory database to /mosquitto/data//mosquitto.db.
1655864154: Saving in-memory database to /mosquitto/data//mosquitto.db.
1655865955: Saving in-memory database to /mosquitto/data//mosquitto.db.
1655866095: mosquitto version 2.0.14 starting
1655866095: Config loaded from /mosquitto/config/mosquitto.conf.
1655866095: Opening ipv4 listen socket on port 1883.
1655866095: Opening ipv6 listen socket on port 1883.
1655866095: mosquitto version 2.0.14 running
1655866113: New connection from 172.22.0.1:46018 on port 1883.
1655866113: New client connected from 172.22.0.1:46018 as test (p2, c1, k60).
1655866139: New connection from 192.168.50.100:40247 on port 1883.
1655866139: New client connected from 192.168.50.100:40247 as 2yO1n3rx0bxFJYuwejSBvB (p2, c1, k60, u'admin').
1655867896: Saving in-memory database to /mosquitto/data//mosquitto.db.
1655869697: Saving in-memory database to /mosquitto/data//mosquitto.db.
1655871498: Saving in-memory database to /mosquitto/data//mosquitto.db.
1655872733: mosquitto version 2.0.14 starting
1655872733: Config loaded from /mosquitto/config/mosquitto.conf.
1655872733: Opening ipv4 listen socket on port 1883.
1655872733: Opening ipv6 listen socket on port 1883.
1655872733: mosquitto version 2.0.14 running
1655872755: New connection from 172.22.0.1:59804 on port 1883.
1655872755: New client connected from 172.22.0.1:59804 as test (p2, c1, k60).
1655872787: New connection from 192.168.50.100:57996 on port 1883.
1655872787: New client connected from 192.168.50.100:57996 as 13kT6JezGWYrqVGbA9UkPr (p2, c1, k60, u'admin').
1655873886: mosquitto version 2.0.14 starting
1655873886: Config loaded from /mosquitto/config/mosquitto.conf.
1655873886: Opening ipv4 listen socket on port 1883.
1655873886: Opening ipv6 listen socket on port 1883.
1655873886: mosquitto version 2.0.14 running
1655873904: New connection from 172.22.0.1:43520 on port 1883.
1655873904: New client connected from 172.22.0.1:43520 as test (p2, c1, k60).
1655873931: New connection from 192.168.50.100:39359 on port 1883.
1655873931: New client connected from 192.168.50.100:39359 as 2wUqSRRVXTAqltJodsGMfn (p2, c1, k60, u'admin').
1655874389: mosquitto version 2.0.14 starting
1655874389: Config loaded from /mosquitto/config/mosquitto.conf.
1655874389: Opening ipv4 listen socket on port 1883.
1655874389: Opening ipv6 listen socket on port 1883.
1655874389: mosquitto version 2.0.14 running
1655874409: New connection from 172.22.0.1:54870 on port 1883.
1655874409: New client connected from 172.22.0.1:54870 as test (p2, c1, k60).
1655874439: New connection from 192.168.50.100:36791 on port 1883.
1655874439: New client connected from 192.168.50.100:36791 as 5AaDJH7QUjariWhB8ZfXWb (p2, c1, k60, u'admin').
1655876190: Saving in-memory database to /mosquitto/data//mosquitto.db.
1655877991: Saving in-memory database to /mosquitto/data//mosquitto.db.
1655879792: Saving in-memory database to /mosquitto/data//mosquitto.db.
1655880778: mosquitto version 2.0.14 starting
1655880778: Config loaded from /mosquitto/config/mosquitto.conf.
1655880778: Opening ipv4 listen socket on port 1883.
1655880778: Opening ipv6 listen socket on port 1883.
1655880778: mosquitto version 2.0.14 running
1655880799: New connection from 172.22.0.1:52887 on port 1883.
1655880799: New client connected from 172.22.0.1:52887 as test (p2, c1, k60).
1655880830: New connection from 192.168.50.100:42176 on port 1883.
1655880830: New client connected from 192.168.50.100:42176 as 479moTw0qYShCroSEXBZAX (p2, c1, k60, u'admin').
1655882578: Saving in-memory database to /mosquitto/data//mosquitto.db.
1655884379: Saving in-memory database to /mosquitto/data//mosquitto.db.
1655886180: Saving in-memory database to /mosquitto/data//mosquitto.db.
1655887981: Saving in-memory database to /mosquitto/data//mosquitto.db.
1655889782: Saving in-memory database to /mosquitto/data//mosquitto.db.
1655891583: Saving in-memory database to /mosquitto/data//mosquitto.db.
1655893384: Saving in-memory database to /mosquitto/data//mosquitto.db.
1655895185: Saving in-memory database to /mosquitto/data//mosquitto.db.
1655896986: Saving in-memory database to /mosquitto/data//mosquitto.db.
1655898787: Saving in-memory database to /mosquitto/data//mosquitto.db.
1655900588: Saving in-memory database to /mosquitto/data//mosquitto.db.
1655902389: Saving in-memory database to /mosquitto/data//mosquitto.db.
1655904190: Saving in-memory database to /mosquitto/data//mosquitto.db.
1655905991: Saving in-memory database to /mosquitto/data//mosquitto.db.
1655907792: Saving in-memory database to /mosquitto/data//mosquitto.db.
1655909593: Saving in-memory database to /mosquitto/data//mosquitto.db.
1655911394: Saving in-memory database to /mosquitto/data//mosquitto.db.
1655913195: Saving in-memory database to /mosquitto/data//mosquitto.db.
1655914996: Saving in-memory database to /mosquitto/data//mosquitto.db.
1655916797: Saving in-memory database to /mosquitto/data//mosquitto.db.
1655918598: Saving in-memory database to /mosquitto/data//mosquitto.db.
1655920399: Saving in-memory database to /mosquitto/data//mosquitto.db.
1655922200: Saving in-memory database to /mosquitto/data//mosquitto.db.
1655924001: Saving in-memory database to /mosquitto/data//mosquitto.db.
1655925802: Saving in-memory database to /mosquitto/data//mosquitto.db.
1655927603: Saving in-memory database to /mosquitto/data//mosquitto.db.
1655929404: Saving in-memory database to /mosquitto/data//mosquitto.db.
1655931205: Saving in-memory database to /mosquitto/data//mosquitto.db.
1655933006: Saving in-memory database to /mosquitto/data//mosquitto.db.
1655934807: Saving in-memory database to /mosquitto/data//mosquitto.db.
1655936608: Saving in-memory database to /mosquitto/data//mosquitto.db.
1655938409: Saving in-memory database to /mosquitto/data//mosquitto.db.
1655940210: Saving in-memory database to /mosquitto/data//mosquitto.db.
1655942011: Saving in-memory database to /mosquitto/data//mosquitto.db.
1655943812: Saving in-memory database to /mosquitto/data//mosquitto.db.
1655945613: Saving in-memory database to /mosquitto/data//mosquitto.db.
1655947414: Saving in-memory database to /mosquitto/data//mosquitto.db.
1655949215: Saving in-memory database to /mosquitto/data//mosquitto.db.
1655961574: mosquitto version 2.0.14 starting
1655961574: Config loaded from /mosquitto/config/mosquitto.conf.
1655961574: Opening ipv4 listen socket on port 1883.
1655961574: Opening ipv6 listen socket on port 1883.
1655961574: mosquitto version 2.0.14 running
1655961592: New connection from 172.22.0.1:45865 on port 1883.
1655961592: New client connected from 172.22.0.1:45865 as test (p2, c1, k60).
1655961621: New connection from 192.168.50.100:34399 on port 1883.
1655961621: New client connected from 192.168.50.100:34399 as 028n7KbDNmVMTyttRm1j59 (p2, c1, k60, u'admin').
1655963375: Saving in-memory database to /mosquitto/data//mosquitto.db.
1655965086: mosquitto version 2.0.14 starting
1655965086: Config loaded from /mosquitto/config/mosquitto.conf.
1655965086: Opening ipv4 listen socket on port 1883.
1655965086: Opening ipv6 listen socket on port 1883.
1655965086: mosquitto version 2.0.14 running
1655965108: New connection from 172.22.0.1:45528 on port 1883.
1655965108: New client connected from 172.22.0.1:45528 as test (p2, c1, k60).
1655965140: New connection from 192.168.50.100:41190 on port 1883.
1655965140: New client connected from 192.168.50.100:41190 as 5yrAx60iQYR19oAov5kXjF (p2, c1, k60, u'admin').
1655965869: mosquitto version 2.0.14 starting
1655965869: Config loaded from /mosquitto/config/mosquitto.conf.
1655965869: Opening ipv4 listen socket on port 1883.
1655965869: Opening ipv6 listen socket on port 1883.
1655965869: mosquitto version 2.0.14 running
1655965888: New connection from 172.22.0.1:53641 on port 1883.
1655965888: New client connected from 172.22.0.1:53641 as test (p2, c1, k60).
1655965915: New connection from 192.168.50.100:55993 on port 1883.
1655965915: New client connected from 192.168.50.100:55993 as 3O2GRR2BdBoTYUA0Mov6CB (p2, c1, k60, u'admin').
1655967669: Saving in-memory database to /mosquitto/data//mosquitto.db.
1655969470: Saving in-memory database to /mosquitto/data//mosquitto.db.
1655970408: New connection from 172.22.0.1:56565 on port 1883.
1655970408: New client connected from 172.22.0.1:56565 as mqttjs_a2d32caa (p2, c1, k60).
1655971271: Saving in-memory database to /mosquitto/data//mosquitto.db.
1655972076: Client mqttjs_a2d32caa disconnected.
1655972095: New connection from 172.22.0.1:57640 on port 1883.
1655972095: New client connected from 172.22.0.1:57640 as mqttjs_6c863e3f (p2, c1, k60).
1655972144: New connection from 192.168.50.100:45981 on port 1883.
1655972144: New client connected from 192.168.50.100:45981 as 1YP8mvAMZrzEB8CkK7gwil (p1, c1, k60, u'admin').
1655972144: Client 1YP8mvAMZrzEB8CkK7gwil disconnected.
1655972152: Client 3O2GRR2BdBoTYUA0Mov6CB closed its connection.
1655972152: New connection from 192.168.50.100:46928 on port 1883.
1655972152: New client connected from 192.168.50.100:46928 as 3rUqJjuKQIbdsjhm3soioi (p2, c1, k60, u'admin').
1655972173: Client mqttjs_6c863e3f disconnected.
1655972196: New connection from 172.22.0.1:57715 on port 1883.
1655972196: New client connected from 172.22.0.1:57715 as mqttjs_0f20f288 (p2, c1, k60).
1655972323: Client mqttjs_0f20f288 disconnected.
1655972338: New connection from 172.22.0.1:57803 on port 1883.
1655972338: New client connected from 172.22.0.1:57803 as mqttjs_cd442547 (p2, c1, k60).
1655973072: Saving in-memory database to /mosquitto/data//mosquitto.db.
1655974873: Saving in-memory database to /mosquitto/data//mosquitto.db.
1655976674: Saving in-memory database to /mosquitto/data//mosquitto.db.
1655978475: Saving in-memory database to /mosquitto/data//mosquitto.db.
1655980276: Saving in-memory database to /mosquitto/data//mosquitto.db.
1655982077: Saving in-memory database to /mosquitto/data//mosquitto.db.
1655983878: Saving in-memory database to /mosquitto/data//mosquitto.db.
1655985679: Saving in-memory database to /mosquitto/data//mosquitto.db.
1655987480: Saving in-memory database to /mosquitto/data//mosquitto.db.
1655989281: Saving in-memory database to /mosquitto/data//mosquitto.db.
1655991082: Saving in-memory database to /mosquitto/data//mosquitto.db.
1655992883: Saving in-memory database to /mosquitto/data//mosquitto.db.
1655994684: Saving in-memory database to /mosquitto/data//mosquitto.db.
1655996485: Saving in-memory database to /mosquitto/data//mosquitto.db.
1655998286: Saving in-memory database to /mosquitto/data//mosquitto.db.
1656000087: Saving in-memory database to /mosquitto/data//mosquitto.db.
1656001888: Saving in-memory database to /mosquitto/data//mosquitto.db.
1656003689: Saving in-memory database to /mosquitto/data//mosquitto.db.
1656005490: Saving in-memory database to /mosquitto/data//mosquitto.db.
1656007291: Saving in-memory database to /mosquitto/data//mosquitto.db.
1656009092: Saving in-memory database to /mosquitto/data//mosquitto.db.
1656010893: Saving in-memory database to /mosquitto/data//mosquitto.db.
1656012694: Saving in-memory database to /mosquitto/data//mosquitto.db.
1656014495: Saving in-memory database to /mosquitto/data//mosquitto.db.
1656016296: Saving in-memory database to /mosquitto/data//mosquitto.db.
1656018097: Saving in-memory database to /mosquitto/data//mosquitto.db.
1656019898: Saving in-memory database to /mosquitto/data//mosquitto.db.
1656021699: Saving in-memory database to /mosquitto/data//mosquitto.db.
1656023500: Saving in-memory database to /mosquitto/data//mosquitto.db.
1656025301: Saving in-memory database to /mosquitto/data//mosquitto.db.
1656027102: Saving in-memory database to /mosquitto/data//mosquitto.db.
1656028903: Saving in-memory database to /mosquitto/data//mosquitto.db.
1656030704: Saving in-memory database to /mosquitto/data//mosquitto.db.
1656032505: Saving in-memory database to /mosquitto/data//mosquitto.db.
1656034306: Saving in-memory database to /mosquitto/data//mosquitto.db.
1656035237: mosquitto version 2.0.14 starting
1656035237: Config loaded from /mosquitto/config/mosquitto.conf.
1656035237: Opening ipv4 listen socket on port 1883.
1656035237: Opening ipv6 listen socket on port 1883.
1656035237: mosquitto version 2.0.14 running
1656035263: New connection from 172.22.0.1:46869 on port 1883.
1656035263: New client connected from 172.22.0.1:46869 as test (p2, c1, k60).
1656035293: New connection from 192.168.50.100:35665 on port 1883.
1656035293: New client connected from 192.168.50.100:35665 as 7bIl9SVbfdk2xL6YzcnsAH (p2, c1, k60, u'admin').
1656037037: Saving in-memory database to /mosquitto/data//mosquitto.db.
1656038401: New connection from 172.22.0.1:48998 on port 1883.
1656038401: New client connected from 172.22.0.1:48998 as mqttjs_2fb1f3ac (p2, c1, k60).
1656038660: Client 7bIl9SVbfdk2xL6YzcnsAH closed its connection.
1656038735: mosquitto version 2.0.14 terminating
1656038735: Saving in-memory database to /mosquitto/data//mosquitto.db.
1656038738: mosquitto version 2.0.14 starting
1656038738: Config loaded from /mosquitto/config/mosquitto.conf.
1656038738: Opening ipv4 listen socket on port 1883.
1656038738: Opening ipv6 listen socket on port 1883.
1656038738: mosquitto version 2.0.14 running
1656038747: New connection from 172.22.0.1:39521 on port 1883.
1656038747: New client connected from 172.22.0.1:39521 as test (p2, c1, k60).
1656038754: New connection from 172.22.0.1:39526 on port 1883.
1656038754: New client connected from 172.22.0.1:39526 as mqttjs_94edfa8a (p2, c1, k60).
1656038785: New connection from 192.168.50.100:56400 on port 1883.
1656038785: New client connected from 192.168.50.100:56400 as 0bfj19DZfDp7DHEV5f82U6 (p2, c1, k60, u'admin').
1656039054: Client mqttjs_94edfa8a disconnected.
1656039072: New connection from 172.22.0.1:39816 on port 1883.
1656039072: New client connected from 172.22.0.1:39816 as mqttjs_44aff844 (p2, c1, k60).
1656039130: mosquitto version 2.0.14 terminating
1656039130: Saving in-memory database to /mosquitto/data//mosquitto.db.
1656039133: mosquitto version 2.0.14 starting
1656039133: Config loaded from /mosquitto/config/mosquitto.conf.
1656039133: Opening ipv4 listen socket on port 1883.
1656039133: Opening ipv6 listen socket on port 1883.
1656039133: mosquitto version 2.0.14 running
1656039133: New connection from 172.22.0.1:39865 on port 1883.
1656039133: New client connected from 172.22.0.1:39865 as mqttjs_44aff844 (p2, c1, k60).
1656039140: Client mqttjs_44aff844 disconnected.
1656039141: New connection from 172.22.0.1:39873 on port 1883.
1656039141: New client connected from 172.22.0.1:39873 as test (p2, c1, k60).
1656039149: New connection from 172.22.0.1:39879 on port 1883.
1656039149: New client connected from 172.22.0.1:39879 as mqttjs_14742cff (p2, c1, k60).
1656039180: New connection from 192.168.50.100:56297 on port 1883.
1656039180: New client connected from 192.168.50.100:56297 as 79o835bWyy1tovWLd0SCNZ (p2, c1, k60, u'admin').
1656040933: Saving in-memory database to /mosquitto/data//mosquitto.db.
1656042734: Saving in-memory database to /mosquitto/data//mosquitto.db.
1656044535: Saving in-memory database to /mosquitto/data//mosquitto.db.
1656046336: Saving in-memory database to /mosquitto/data//mosquitto.db.
1656048137: Saving in-memory database to /mosquitto/data//mosquitto.db.
1656048866: mosquitto version 2.0.14 starting
1656048866: Config loaded from /mosquitto/config/mosquitto.conf.
1656048866: Opening ipv4 listen socket on port 1883.
1656048866: Opening ipv6 listen socket on port 1883.
1656048866: mosquitto version 2.0.14 running
1656048883: New connection from 172.22.0.1:42373 on port 1883.
1656048883: New client connected from 172.22.0.1:42373 as test (p2, c1, k60).
1656048912: New connection from 192.168.50.100:33868 on port 1883.
1656048912: New client connected from 192.168.50.100:33868 as 0i1aVu4y9Ubm9UfvERk3ch (p2, c1, k60, u'admin').
1656049302: mosquitto version 2.0.14 starting
1656049302: Config loaded from /mosquitto/config/mosquitto.conf.
1656049302: Opening ipv4 listen socket on port 1883.
1656049302: Opening ipv6 listen socket on port 1883.
1656049302: mosquitto version 2.0.14 running
1656049319: New connection from 172.22.0.1:51961 on port 1883.
1656049319: New client connected from 172.22.0.1:51961 as test (p2, c1, k60).
1656049358: New connection from 192.168.50.100:44074 on port 1883.
1656049358: New client connected from 192.168.50.100:44074 as 0ynZYSN20HAm13PvJKnPJU (p2, c1, k60, u'admin').
1656049640: mosquitto version 2.0.14 starting
1656049640: Config loaded from /mosquitto/config/mosquitto.conf.
1656049640: Opening ipv4 listen socket on port 1883.
1656049640: Opening ipv6 listen socket on port 1883.
1656049640: mosquitto version 2.0.14 running
1656049662: New connection from 172.22.0.1:52518 on port 1883.
1656049662: New client connected from 172.22.0.1:52518 as test (p2, c1, k60).
1656049690: New connection from 192.168.50.100:33167 on port 1883.
1656049690: New client connected from 192.168.50.100:33167 as 5MrufB4zFFR51ZuE18uddy (p2, c1, k60, u'admin').
1656049856: mosquitto version 2.0.14 starting
1656049856: Config loaded from /mosquitto/config/mosquitto.conf.
1656049856: Opening ipv4 listen socket on port 1883.
1656049856: Opening ipv6 listen socket on port 1883.
1656049856: mosquitto version 2.0.14 running
1656049879: New connection from 172.22.0.1:46441 on port 1883.
1656049879: New client connected from 172.22.0.1:46441 as test (p2, c1, k60).
1656049905: New connection from 192.168.50.100:35769 on port 1883.
1656049905: New client connected from 192.168.50.100:35769 as 7gkHc3htpNXyUa99blcNHD (p2, c1, k60, u'admin').
1656050147: mosquitto version 2.0.14 starting
1656050147: Config loaded from /mosquitto/config/mosquitto.conf.
1656050147: Opening ipv4 listen socket on port 1883.
1656050147: Opening ipv6 listen socket on port 1883.
1656050147: mosquitto version 2.0.14 running
1656050167: New connection from 172.22.0.1:37544 on port 1883.
1656050167: New client connected from 172.22.0.1:37544 as test (p2, c1, k60).
1656050197: New connection from 192.168.50.100:50434 on port 1883.
1656050197: New client connected from 192.168.50.100:50434 as 5QUR7KkUgXaD8VrjAHW4m2 (p2, c1, k60, u'admin').
1656051948: Saving in-memory database to /mosquitto/data//mosquitto.db.
1656053749: Saving in-memory database to /mosquitto/data//mosquitto.db.
1656055550: Saving in-memory database to /mosquitto/data//mosquitto.db.
1656056535: New connection from 172.22.0.1:41700 on port 1883.
1656056535: New client connected from 172.22.0.1:41700 as mqttjs_415620a0 (p2, c1, k60).
1656056955: New connection from 172.22.0.1:41971 on port 1883.
1656056956: New client connected from 172.22.0.1:41971 as Xs15XmzDQb (p2, c1, k60).
1656056998: Client Xs15XmzDQb disconnected.
1656056998: New connection from 172.22.0.1:42004 on port 1883.
1656056998: New client connected from 172.22.0.1:42004 as Xs15XmzDQb (p2, c1, k60).
1656057010: Client Xs15XmzDQb disconnected.
1656057010: New connection from 172.22.0.1:42011 on port 1883.
1656057011: New client connected from 172.22.0.1:42011 as Xs15XmzDQb (p2, c1, k60).
1656057041: Client Xs15XmzDQb closed its connection.
1656057196: New connection from 172.22.0.1:42130 on port 1883.
1656057196: New client connected from 172.22.0.1:42130 as Xs15XmzDQb (p2, c1, k60).
1656057198: Client Xs15XmzDQb disconnected.
1656057199: New connection from 172.22.0.1:42131 on port 1883.
1656057200: New client connected from 172.22.0.1:42131 as Xs15XmzDQb (p2, c1, k60).
1656057204: Client Xs15XmzDQb disconnected.
1656057231: New connection from 172.22.0.1:42162 on port 1883.
1656057231: New client connected from 172.22.0.1:42162 as Xs15XmzDQb (p2, c1, k60).
1656057322: Client Xs15XmzDQb disconnected.
1656057322: New connection from 172.22.0.1:42209 on port 1883.
1656057322: New client connected from 172.22.0.1:42209 as Xs15XmzDQb (p2, c1, k60).
1656057351: Saving in-memory database to /mosquitto/data//mosquitto.db.
1656057400: Client Xs15XmzDQb disconnected.
1656057400: New connection from 172.22.0.1:42272 on port 1883.
1656057400: New client connected from 172.22.0.1:42272 as Xs15XmzDQb (p2, c1, k60).
1656057426: Client Xs15XmzDQb disconnected.
1656057426: New connection from 172.22.0.1:42281 on port 1883.
1656057426: New client connected from 172.22.0.1:42281 as Xs15XmzDQb (p2, c1, k60).
1656057437: Client Xs15XmzDQb disconnected.
1656057437: New connection from 172.22.0.1:42288 on port 1883.
1656057438: New client connected from 172.22.0.1:42288 as Xs15XmzDQb (p2, c1, k60).
1656057454: Client Xs15XmzDQb closed its connection.
1656057494: New connection from 172.22.0.1:42327 on port 1883.
1656057494: New client connected from 172.22.0.1:42327 as Xs15XmzDQb (p2, c1, k60).
1656057675: Client Xs15XmzDQb disconnected.
1656057675: New connection from 172.22.0.1:42442 on port 1883.
1656057675: New client connected from 172.22.0.1:42442 as Xs15XmzDQb (p2, c1, k60).
1656057747: Client Xs15XmzDQb disconnected.
1656057747: New connection from 172.22.0.1:42487 on port 1883.
1656057748: New client connected from 172.22.0.1:42487 as Xs15XmzDQb (p2, c1, k60).
1656057754: Client Xs15XmzDQb disconnected.
1656057754: New connection from 172.22.0.1:42495 on port 1883.
1656057754: New client connected from 172.22.0.1:42495 as Xs15XmzDQb (p2, c1, k60).
1656057757: Client Xs15XmzDQb disconnected.
1656057757: New connection from 172.22.0.1:42500 on port 1883.
1656057757: New client connected from 172.22.0.1:42500 as Xs15XmzDQb (p2, c1, k60).
1656057765: Client Xs15XmzDQb disconnected.
1656058986: New connection from 172.22.0.1:43319 on port 1883.
1656058986: New client connected from 172.22.0.1:43319 as pGOGeW8i4b (p2, c1, k60).
1656059152: Saving in-memory database to /mosquitto/data//mosquitto.db.
1656059206: Client pGOGeW8i4b disconnected.
1656059206: New connection from 172.22.0.1:43467 on port 1883.
1656059206: New client connected from 172.22.0.1:43467 as pGOGeW8i4b (p2, c1, k60).
1656059349: Client pGOGeW8i4b disconnected.
1656059349: New connection from 172.22.0.1:43550 on port 1883.
1656059349: New client connected from 172.22.0.1:43550 as pGOGeW8i4b (p2, c1, k60).
1656059356: Client pGOGeW8i4b disconnected.
1656059356: New connection from 172.22.0.1:43557 on port 1883.
1656059357: New client connected from 172.22.0.1:43557 as pGOGeW8i4b (p2, c1, k60).
1656059434: Client pGOGeW8i4b closed its connection.
1656059454: New connection from 172.22.0.1:43629 on port 1883.
1656059454: New client connected from 172.22.0.1:43629 as pGOGeW8i4b (p2, c1, k60).
1656059544: Client pGOGeW8i4b closed its connection.
1656059546: New connection from 172.22.0.1:43681 on port 1883.
1656059546: New client connected from 172.22.0.1:43681 as pGOGeW8i4b (p2, c1, k60).
1656059621: Client pGOGeW8i4b closed its connection.
1656059622: New connection from 172.22.0.1:43737 on port 1883.
1656059623: New client connected from 172.22.0.1:43737 as pGOGeW8i4b (p2, c1, k60).
1656059667: Client pGOGeW8i4b closed its connection.
1656059744: New connection from 172.22.0.1:43816 on port 1883.
1656059745: New client connected from 172.22.0.1:43816 as pGOGeW8i4b (p2, c1, k60).
1656059784: Client pGOGeW8i4b closed its connection.
1656059902: New connection from 172.22.0.1:43911 on port 1883.
1656059903: New client connected from 172.22.0.1:43911 as pGOGeW8i4b (p2, c1, k60).
1656059924: Client pGOGeW8i4b closed its connection.
1656059957: New connection from 172.22.0.1:43950 on port 1883.
1656059958: New client connected from 172.22.0.1:43950 as pGOGeW8i4b (p2, c1, k60).
1656059998: Client pGOGeW8i4b closed its connection.
1656060006: New connection from 172.22.0.1:43983 on port 1883.
1656060006: New client connected from 172.22.0.1:43983 as pGOGeW8i4b (p2, c1, k60).
1656060050: Client pGOGeW8i4b closed its connection.
1656060093: New connection from 172.22.0.1:44034 on port 1883.
1656060093: New client connected from 172.22.0.1:44034 as pGOGeW8i4b (p2, c1, k60).
1656060124: Client pGOGeW8i4b closed its connection.
1656060150: New connection from 172.22.0.1:44086 on port 1883.
1656060151: New client connected from 172.22.0.1:44086 as pGOGeW8i4b (p2, c1, k60).
1656060168: Client pGOGeW8i4b closed its connection.
1656060187: New connection from 172.22.0.1:44115 on port 1883.
1656060188: New client connected from 172.22.0.1:44115 as pGOGeW8i4b (p2, c1, k60).
1656060203: Client pGOGeW8i4b closed its connection.
1656060912: New connection from 172.22.0.1:44584 on port 1883.
1656060913: New client connected from 172.22.0.1:44584 as pGOGeW8i4b (p2, c1, k60).
1656060923: Client pGOGeW8i4b disconnected.
1656060923: New connection from 172.22.0.1:44586 on port 1883.
1656060924: New client connected from 172.22.0.1:44586 as pGOGeW8i4b (p2, c1, k60).
1656060938: Client pGOGeW8i4b closed its connection.
1656060953: Saving in-memory database to /mosquitto/data//mosquitto.db.
1656061741: New connection from 172.22.0.1:45118 on port 1883.
1656061741: New client connected from 172.22.0.1:45118 as pGOGeW8i4b (p2, c1, k60).
1656061746: Client pGOGeW8i4b disconnected.
1656062754: Saving in-memory database to /mosquitto/data//mosquitto.db.
1656064555: Saving in-memory database to /mosquitto/data//mosquitto.db.
1656066356: Saving in-memory database to /mosquitto/data//mosquitto.db.
1656066612: New connection from 172.22.0.1:48264 on port 1883.
1656066613: New client connected from 172.22.0.1:48264 as pGOGeW8i4b (p2, c1, k60).
1656066666: Client pGOGeW8i4b closed its connection.
1656068157: Saving in-memory database to /mosquitto/data//mosquitto.db.
1656069958: Saving in-memory database to /mosquitto/data//mosquitto.db.
1656071759: Saving in-memory database to /mosquitto/data//mosquitto.db.
1656073560: Saving in-memory database to /mosquitto/data//mosquitto.db.
1656075361: Saving in-memory database to /mosquitto/data//mosquitto.db.
1656077162: Saving in-memory database to /mosquitto/data//mosquitto.db.
1656078963: Saving in-memory database to /mosquitto/data//mosquitto.db.
1656080764: Saving in-memory database to /mosquitto/data//mosquitto.db.
1656082565: Saving in-memory database to /mosquitto/data//mosquitto.db.
1656084366: Saving in-memory database to /mosquitto/data//mosquitto.db.
1656086167: Saving in-memory database to /mosquitto/data//mosquitto.db.
1656087968: Saving in-memory database to /mosquitto/data//mosquitto.db.
1656089769: Saving in-memory database to /mosquitto/data//mosquitto.db.
1656091570: Saving in-memory database to /mosquitto/data//mosquitto.db.
1656093371: Saving in-memory database to /mosquitto/data//mosquitto.db.
1656095172: Saving in-memory database to /mosquitto/data//mosquitto.db.
1656096973: Saving in-memory database to /mosquitto/data//mosquitto.db.
1656098774: Saving in-memory database to /mosquitto/data//mosquitto.db.
1656100575: Saving in-memory database to /mosquitto/data//mosquitto.db.
1656102376: Saving in-memory database to /mosquitto/data//mosquitto.db.
1656104177: Saving in-memory database to /mosquitto/data//mosquitto.db.
1656105978: Saving in-memory database to /mosquitto/data//mosquitto.db.
1656107779: Saving in-memory database to /mosquitto/data//mosquitto.db.
1656109580: Saving in-memory database to /mosquitto/data//mosquitto.db.
1656111381: Saving in-memory database to /mosquitto/data//mosquitto.db.
1656113182: Saving in-memory database to /mosquitto/data//mosquitto.db.
1656114983: Saving in-memory database to /mosquitto/data//mosquitto.db.
1656116784: Saving in-memory database to /mosquitto/data//mosquitto.db.
1656118585: Saving in-memory database to /mosquitto/data//mosquitto.db.
1656120386: Saving in-memory database to /mosquitto/data//mosquitto.db.
1656122187: Saving in-memory database to /mosquitto/data//mosquitto.db.
1656123988: Saving in-memory database to /mosquitto/data//mosquitto.db.
1656125789: Saving in-memory database to /mosquitto/data//mosquitto.db.
1656127590: Saving in-memory database to /mosquitto/data//mosquitto.db.
1656129391: Saving in-memory database to /mosquitto/data//mosquitto.db.
1656131192: Saving in-memory database to /mosquitto/data//mosquitto.db.
1656132993: Saving in-memory database to /mosquitto/data//mosquitto.db.
1656134794: Saving in-memory database to /mosquitto/data//mosquitto.db.
1656136595: Saving in-memory database to /mosquitto/data//mosquitto.db.
1656138396: Saving in-memory database to /mosquitto/data//mosquitto.db.
1656140197: Saving in-memory database to /mosquitto/data//mosquitto.db.
1656141998: Saving in-memory database to /mosquitto/data//mosquitto.db.
1656143799: Saving in-memory database to /mosquitto/data//mosquitto.db.
1656145600: Saving in-memory database to /mosquitto/data//mosquitto.db.
1656147401: Saving in-memory database to /mosquitto/data//mosquitto.db.
1656149202: Saving in-memory database to /mosquitto/data//mosquitto.db.
1656151003: Saving in-memory database to /mosquitto/data//mosquitto.db.
1656152804: Saving in-memory database to /mosquitto/data//mosquitto.db.
1656154605: Saving in-memory database to /mosquitto/data//mosquitto.db.
1656156406: Saving in-memory database to /mosquitto/data//mosquitto.db.
1656158207: Saving in-memory database to /mosquitto/data//mosquitto.db.
1656160008: Saving in-memory database to /mosquitto/data//mosquitto.db.
1656161809: Saving in-memory database to /mosquitto/data//mosquitto.db.
1656163610: Saving in-memory database to /mosquitto/data//mosquitto.db.
1656165411: Saving in-memory database to /mosquitto/data//mosquitto.db.
1656167212: Saving in-memory database to /mosquitto/data//mosquitto.db.
1656169013: Saving in-memory database to /mosquitto/data//mosquitto.db.
1656170814: Saving in-memory database to /mosquitto/data//mosquitto.db.
1656172615: Saving in-memory database to /mosquitto/data//mosquitto.db.
1656174416: Saving in-memory database to /mosquitto/data//mosquitto.db.
1656176217: Saving in-memory database to /mosquitto/data//mosquitto.db.
1656178018: Saving in-memory database to /mosquitto/data//mosquitto.db.
1656179819: Saving in-memory database to /mosquitto/data//mosquitto.db.
1656181620: Saving in-memory database to /mosquitto/data//mosquitto.db.
1656183421: Saving in-memory database to /mosquitto/data//mosquitto.db.
1656185222: Saving in-memory database to /mosquitto/data//mosquitto.db.
1656187023: Saving in-memory database to /mosquitto/data//mosquitto.db.
1656188824: Saving in-memory database to /mosquitto/data//mosquitto.db.
1656190625: Saving in-memory database to /mosquitto/data//mosquitto.db.
1656192426: Saving in-memory database to /mosquitto/data//mosquitto.db.
1656194227: Saving in-memory database to /mosquitto/data//mosquitto.db.
1656196028: Saving in-memory database to /mosquitto/data//mosquitto.db.
1656197829: Saving in-memory database to /mosquitto/data//mosquitto.db.
1656199630: Saving in-memory database to /mosquitto/data//mosquitto.db.
1656201431: Saving in-memory database to /mosquitto/data//mosquitto.db.
1656203232: Saving in-memory database to /mosquitto/data//mosquitto.db.
1656205033: Saving in-memory database to /mosquitto/data//mosquitto.db.
1656206834: Saving in-memory database to /mosquitto/data//mosquitto.db.
1656208635: Saving in-memory database to /mosquitto/data//mosquitto.db.
1656210436: Saving in-memory database to /mosquitto/data//mosquitto.db.
1656212237: Saving in-memory database to /mosquitto/data//mosquitto.db.
1656214038: Saving in-memory database to /mosquitto/data//mosquitto.db.
1656215839: Saving in-memory database to /mosquitto/data//mosquitto.db.
1656217640: Saving in-memory database to /mosquitto/data//mosquitto.db.
1656219441: Saving in-memory database to /mosquitto/data//mosquitto.db.
1656221242: Saving in-memory database to /mosquitto/data//mosquitto.db.
1656223043: Saving in-memory database to /mosquitto/data//mosquitto.db.
1656224844: Saving in-memory database to /mosquitto/data//mosquitto.db.
1656226645: Saving in-memory database to /mosquitto/data//mosquitto.db.
1656228446: Saving in-memory database to /mosquitto/data//mosquitto.db.
1656230247: Saving in-memory database to /mosquitto/data//mosquitto.db.
1656232048: Saving in-memory database to /mosquitto/data//mosquitto.db.
1656233849: Saving in-memory database to /mosquitto/data//mosquitto.db.
1656235650: Saving in-memory database to /mosquitto/data//mosquitto.db.
1656237451: Saving in-memory database to /mosquitto/data//mosquitto.db.
1656239252: Saving in-memory database to /mosquitto/data//mosquitto.db.
1656241053: Saving in-memory database to /mosquitto/data//mosquitto.db.
1656242854: Saving in-memory database to /mosquitto/data//mosquitto.db.
1656244655: Saving in-memory database to /mosquitto/data//mosquitto.db.
1656246456: Saving in-memory database to /mosquitto/data//mosquitto.db.
1656248257: Saving in-memory database to /mosquitto/data//mosquitto.db.
1656250058: Saving in-memory database to /mosquitto/data//mosquitto.db.
1656251859: Saving in-memory database to /mosquitto/data//mosquitto.db.
1656253660: Saving in-memory database to /mosquitto/data//mosquitto.db.
1656255461: Saving in-memory database to /mosquitto/data//mosquitto.db.
1656257262: Saving in-memory database to /mosquitto/data//mosquitto.db.
1656259063: Saving in-memory database to /mosquitto/data//mosquitto.db.
1656260864: Saving in-memory database to /mosquitto/data//mosquitto.db.
1656262665: Saving in-memory database to /mosquitto/data//mosquitto.db.
1656264466: Saving in-memory database to /mosquitto/data//mosquitto.db.
1656266267: Saving in-memory database to /mosquitto/data//mosquitto.db.
1656268068: Saving in-memory database to /mosquitto/data//mosquitto.db.
1656269869: Saving in-memory database to /mosquitto/data//mosquitto.db.
1656271670: Saving in-memory database to /mosquitto/data//mosquitto.db.
1656273471: Saving in-memory database to /mosquitto/data//mosquitto.db.
1656275272: Saving in-memory database to /mosquitto/data//mosquitto.db.
1656277073: Saving in-memory database to /mosquitto/data//mosquitto.db.
1656278874: Saving in-memory database to /mosquitto/data//mosquitto.db.
1656280675: Saving in-memory database to /mosquitto/data//mosquitto.db.
1656282476: Saving in-memory database to /mosquitto/data//mosquitto.db.
1656284277: Saving in-memory database to /mosquitto/data//mosquitto.db.
1656286078: Saving in-memory database to /mosquitto/data//mosquitto.db.
1656287879: Saving in-memory database to /mosquitto/data//mosquitto.db.
1656289680: Saving in-memory database to /mosquitto/data//mosquitto.db.
1656291481: Saving in-memory database to /mosquitto/data//mosquitto.db.
1656293282: Saving in-memory database to /mosquitto/data//mosquitto.db.
1656295083: Saving in-memory database to /mosquitto/data//mosquitto.db.
1656296884: Saving in-memory database to /mosquitto/data//mosquitto.db.
1656298685: Saving in-memory database to /mosquitto/data//mosquitto.db.
1656300486: Saving in-memory database to /mosquitto/data//mosquitto.db.
1656302287: Saving in-memory database to /mosquitto/data//mosquitto.db.
1656304088: Saving in-memory database to /mosquitto/data//mosquitto.db.
1656305889: Saving in-memory database to /mosquitto/data//mosquitto.db.
1656307690: Saving in-memory database to /mosquitto/data//mosquitto.db.
1656309491: Saving in-memory database to /mosquitto/data//mosquitto.db.
1656311292: Saving in-memory database to /mosquitto/data//mosquitto.db.
1656313093: Saving in-memory database to /mosquitto/data//mosquitto.db.
1656314894: Saving in-memory database to /mosquitto/data//mosquitto.db.
1656316695: Saving in-memory database to /mosquitto/data//mosquitto.db.
1656318496: Saving in-memory database to /mosquitto/data//mosquitto.db.
1656320297: Saving in-memory database to /mosquitto/data//mosquitto.db.
1656322098: Saving in-memory database to /mosquitto/data//mosquitto.db.
1656323899: Saving in-memory database to /mosquitto/data//mosquitto.db.
1656325700: Saving in-memory database to /mosquitto/data//mosquitto.db.
1656327501: Saving in-memory database to /mosquitto/data//mosquitto.db.
1656329302: Saving in-memory database to /mosquitto/data//mosquitto.db.
1656331103: Saving in-memory database to /mosquitto/data//mosquitto.db.
1656332904: Saving in-memory database to /mosquitto/data//mosquitto.db.
1656334705: Saving in-memory database to /mosquitto/data//mosquitto.db.
1656336506: Saving in-memory database to /mosquitto/data//mosquitto.db.
1656338307: Saving in-memory database to /mosquitto/data//mosquitto.db.
1656340108: Saving in-memory database to /mosquitto/data//mosquitto.db.
1656341909: Saving in-memory database to /mosquitto/data//mosquitto.db.
1656343710: Saving in-memory database to /mosquitto/data//mosquitto.db.
1656345511: Saving in-memory database to /mosquitto/data//mosquitto.db.
1656347312: Saving in-memory database to /mosquitto/data//mosquitto.db.
1656349113: Saving in-memory database to /mosquitto/data//mosquitto.db.
1656350914: Saving in-memory database to /mosquitto/data//mosquitto.db.
1656352715: Saving in-memory database to /mosquitto/data//mosquitto.db.
1656354516: Saving in-memory database to /mosquitto/data//mosquitto.db.
1656356317: Saving in-memory database to /mosquitto/data//mosquitto.db.
1656358118: Saving in-memory database to /mosquitto/data//mosquitto.db.
1656359919: Saving in-memory database to /mosquitto/data//mosquitto.db.
1656361720: Saving in-memory database to /mosquitto/data//mosquitto.db.
1656363521: Saving in-memory database to /mosquitto/data//mosquitto.db.
1656365322: Saving in-memory database to /mosquitto/data//mosquitto.db.
1656367123: Saving in-memory database to /mosquitto/data//mosquitto.db.
1656368924: Saving in-memory database to /mosquitto/data//mosquitto.db.
1656370725: Saving in-memory database to /mosquitto/data//mosquitto.db.
1656372526: Saving in-memory database to /mosquitto/data//mosquitto.db.
1656374327: Saving in-memory database to /mosquitto/data//mosquitto.db.
1656376128: Saving in-memory database to /mosquitto/data//mosquitto.db.
1656377929: Saving in-memory database to /mosquitto/data//mosquitto.db.
1656379730: Saving in-memory database to /mosquitto/data//mosquitto.db.
1656381531: Saving in-memory database to /mosquitto/data//mosquitto.db.
1656383332: Saving in-memory database to /mosquitto/data//mosquitto.db.
1656385133: Saving in-memory database to /mosquitto/data//mosquitto.db.
1656386934: Saving in-memory database to /mosquitto/data//mosquitto.db.
1656388735: Saving in-memory database to /mosquitto/data//mosquitto.db.
1656390536: Saving in-memory database to /mosquitto/data//mosquitto.db.
1656392337: Saving in-memory database to /mosquitto/data//mosquitto.db.
1656394138: Saving in-memory database to /mosquitto/data//mosquitto.db.
1656395939: Saving in-memory database to /mosquitto/data//mosquitto.db.
1656397740: Saving in-memory database to /mosquitto/data//mosquitto.db.
1656399541: Saving in-memory database to /mosquitto/data//mosquitto.db.
1656401342: Saving in-memory database to /mosquitto/data//mosquitto.db.
1656403143: Saving in-memory database to /mosquitto/data//mosquitto.db.
1656404944: Saving in-memory database to /mosquitto/data//mosquitto.db.
1656406745: Saving in-memory database to /mosquitto/data//mosquitto.db.
1656408546: Saving in-memory database to /mosquitto/data//mosquitto.db.
1656410347: Saving in-memory database to /mosquitto/data//mosquitto.db.
1656412148: Saving in-memory database to /mosquitto/data//mosquitto.db.
1656413949: Saving in-memory database to /mosquitto/data//mosquitto.db.
1656415750: Saving in-memory database to /mosquitto/data//mosquitto.db.
1656417551: Saving in-memory database to /mosquitto/data//mosquitto.db.
1656419352: Saving in-memory database to /mosquitto/data//mosquitto.db.
1656421153: Saving in-memory database to /mosquitto/data//mosquitto.db.
1656422954: Saving in-memory database to /mosquitto/data//mosquitto.db.
1656424755: Saving in-memory database to /mosquitto/data//mosquitto.db.
1656426556: Saving in-memory database to /mosquitto/data//mosquitto.db.
1656428357: Saving in-memory database to /mosquitto/data//mosquitto.db.
1656430158: Saving in-memory database to /mosquitto/data//mosquitto.db.
1656431959: Saving in-memory database to /mosquitto/data//mosquitto.db.
1656433760: Saving in-memory database to /mosquitto/data//mosquitto.db.
1656435561: Saving in-memory database to /mosquitto/data//mosquitto.db.
1656437362: Saving in-memory database to /mosquitto/data//mosquitto.db.
1656439163: Saving in-memory database to /mosquitto/data//mosquitto.db.
1656440964: Saving in-memory database to /mosquitto/data//mosquitto.db.
1656442765: Saving in-memory database to /mosquitto/data//mosquitto.db.
1656444566: Saving in-memory database to /mosquitto/data//mosquitto.db.
1656446367: Saving in-memory database to /mosquitto/data//mosquitto.db.
1656448168: Saving in-memory database to /mosquitto/data//mosquitto.db.
1656449969: Saving in-memory database to /mosquitto/data//mosquitto.db.
1656451770: Saving in-memory database to /mosquitto/data//mosquitto.db.
1656453571: Saving in-memory database to /mosquitto/data//mosquitto.db.
1656455372: Saving in-memory database to /mosquitto/data//mosquitto.db.
1656457173: Saving in-memory database to /mosquitto/data//mosquitto.db.
1656458974: Saving in-memory database to /mosquitto/data//mosquitto.db.
1656460775: Saving in-memory database to /mosquitto/data//mosquitto.db.
1656462576: Saving in-memory database to /mosquitto/data//mosquitto.db.
1656464377: Saving in-memory database to /mosquitto/data//mosquitto.db.
1656466178: Saving in-memory database to /mosquitto/data//mosquitto.db.
1656467979: Saving in-memory database to /mosquitto/data//mosquitto.db.
1656469780: Saving in-memory database to /mosquitto/data//mosquitto.db.
1656471581: Saving in-memory database to /mosquitto/data//mosquitto.db.
1656473382: Saving in-memory database to /mosquitto/data//mosquitto.db.
1656475183: Saving in-memory database to /mosquitto/data//mosquitto.db.
1656476984: Saving in-memory database to /mosquitto/data//mosquitto.db.
1656478785: Saving in-memory database to /mosquitto/data//mosquitto.db.
1656480586: Saving in-memory database to /mosquitto/data//mosquitto.db.
1656482387: Saving in-memory database to /mosquitto/data//mosquitto.db.
1656484188: Saving in-memory database to /mosquitto/data//mosquitto.db.
1656485989: Saving in-memory database to /mosquitto/data//mosquitto.db.
1656487790: Saving in-memory database to /mosquitto/data//mosquitto.db.
1656489591: Saving in-memory database to /mosquitto/data//mosquitto.db.
1656491392: Saving in-memory database to /mosquitto/data//mosquitto.db.
1656493193: Saving in-memory database to /mosquitto/data//mosquitto.db.
1656494994: Saving in-memory database to /mosquitto/data//mosquitto.db.
1656496795: Saving in-memory database to /mosquitto/data//mosquitto.db.
1656498596: Saving in-memory database to /mosquitto/data//mosquitto.db.
1656500397: Saving in-memory database to /mosquitto/data//mosquitto.db.
1656502198: Saving in-memory database to /mosquitto/data//mosquitto.db.
1656503999: Saving in-memory database to /mosquitto/data//mosquitto.db.
1656505800: Saving in-memory database to /mosquitto/data//mosquitto.db.
1656507601: Saving in-memory database to /mosquitto/data//mosquitto.db.
1656509402: Saving in-memory database to /mosquitto/data//mosquitto.db.
1656511203: Saving in-memory database to /mosquitto/data//mosquitto.db.
1656513004: Saving in-memory database to /mosquitto/data//mosquitto.db.
1656514805: Saving in-memory database to /mosquitto/data//mosquitto.db.
1656516606: Saving in-memory database to /mosquitto/data//mosquitto.db.
1656518407: Saving in-memory database to /mosquitto/data//mosquitto.db.
1656520208: Saving in-memory database to /mosquitto/data//mosquitto.db.
1656522009: Saving in-memory database to /mosquitto/data//mosquitto.db.
1656523810: Saving in-memory database to /mosquitto/data//mosquitto.db.
1656525611: Saving in-memory database to /mosquitto/data//mosquitto.db.
1656527412: Saving in-memory database to /mosquitto/data//mosquitto.db.
1656529213: Saving in-memory database to /mosquitto/data//mosquitto.db.
1656531014: Saving in-memory database to /mosquitto/data//mosquitto.db.
1656532815: Saving in-memory database to /mosquitto/data//mosquitto.db.
1656534616: Saving in-memory database to /mosquitto/data//mosquitto.db.
1656536417: Saving in-memory database to /mosquitto/data//mosquitto.db.
1656538218: Saving in-memory database to /mosquitto/data//mosquitto.db.
1656540019: Saving in-memory database to /mosquitto/data//mosquitto.db.
1656541820: Saving in-memory database to /mosquitto/data//mosquitto.db.
1656543621: Saving in-memory database to /mosquitto/data//mosquitto.db.
1656545422: Saving in-memory database to /mosquitto/data//mosquitto.db.
1656547223: Saving in-memory database to /mosquitto/data//mosquitto.db.
1656549024: Saving in-memory database to /mosquitto/data//mosquitto.db.
1656550825: Saving in-memory database to /mosquitto/data//mosquitto.db.
1656552626: Saving in-memory database to /mosquitto/data//mosquitto.db.
1656554427: Saving in-memory database to /mosquitto/data//mosquitto.db.
1656556228: Saving in-memory database to /mosquitto/data//mosquitto.db.
1656558029: Saving in-memory database to /mosquitto/data//mosquitto.db.
1656559830: Saving in-memory database to /mosquitto/data//mosquitto.db.
1656561631: Saving in-memory database to /mosquitto/data//mosquitto.db.
1656563432: Saving in-memory database to /mosquitto/data//mosquitto.db.
1656563654: Client 5QUR7KkUgXaD8VrjAHW4m2 closed its connection.
1656563705: New connection from 192.168.50.100:38500 on port 1883.
1656563705: New client connected from 192.168.50.100:38500 as 0DB72tiohq1M9PwFtdqaOz (p2, c1, k60, u'admin').
1656565233: Saving in-memory database to /mosquitto/data//mosquitto.db.
1656567007: Client 0DB72tiohq1M9PwFtdqaOz closed its connection.
1656567034: Saving in-memory database to /mosquitto/data//mosquitto.db.
1656567040: New connection from 192.168.50.100:55082 on port 1883.
1656567040: New client connected from 192.168.50.100:55082 as 1K2Pw43immzVjwookAWXWY (p2, c1, k60, u'admin').
1656568835: Saving in-memory database to /mosquitto/data//mosquitto.db.
1656570636: Saving in-memory database to /mosquitto/data//mosquitto.db.
1656572437: Saving in-memory database to /mosquitto/data//mosquitto.db.
1656574238: Saving in-memory database to /mosquitto/data//mosquitto.db.
1656576039: Saving in-memory database to /mosquitto/data//mosquitto.db.
1656577840: Saving in-memory database to /mosquitto/data//mosquitto.db.
1656579641: Saving in-memory database to /mosquitto/data//mosquitto.db.
1656581442: Saving in-memory database to /mosquitto/data//mosquitto.db.
1656583243: Saving in-memory database to /mosquitto/data//mosquitto.db.
1656585044: Saving in-memory database to /mosquitto/data//mosquitto.db.
1656586845: Saving in-memory database to /mosquitto/data//mosquitto.db.
1656588646: Saving in-memory database to /mosquitto/data//mosquitto.db.
1656590447: Saving in-memory database to /mosquitto/data//mosquitto.db.
1656592248: Saving in-memory database to /mosquitto/data//mosquitto.db.
1656594049: Saving in-memory database to /mosquitto/data//mosquitto.db.
1656595850: Saving in-memory database to /mosquitto/data//mosquitto.db.
1656597651: Saving in-memory database to /mosquitto/data//mosquitto.db.
1656599452: Saving in-memory database to /mosquitto/data//mosquitto.db.
1656601253: Saving in-memory database to /mosquitto/data//mosquitto.db.
1656603054: Saving in-memory database to /mosquitto/data//mosquitto.db.
1656604855: Saving in-memory database to /mosquitto/data//mosquitto.db.
1656606656: Saving in-memory database to /mosquitto/data//mosquitto.db.
1656608457: Saving in-memory database to /mosquitto/data//mosquitto.db.
1656610258: Saving in-memory database to /mosquitto/data//mosquitto.db.
1656612059: Saving in-memory database to /mosquitto/data//mosquitto.db.
1656613860: Saving in-memory database to /mosquitto/data//mosquitto.db.
1656615661: Saving in-memory database to /mosquitto/data//mosquitto.db.
1656617462: Saving in-memory database to /mosquitto/data//mosquitto.db.
1656619263: Saving in-memory database to /mosquitto/data//mosquitto.db.
1656621064: Saving in-memory database to /mosquitto/data//mosquitto.db.
1656622865: Saving in-memory database to /mosquitto/data//mosquitto.db.
1656624666: Saving in-memory database to /mosquitto/data//mosquitto.db.
1656626467: Saving in-memory database to /mosquitto/data//mosquitto.db.
1656628268: Saving in-memory database to /mosquitto/data//mosquitto.db.
1656630069: Saving in-memory database to /mosquitto/data//mosquitto.db.
1656631870: Saving in-memory database to /mosquitto/data//mosquitto.db.
1656633671: Saving in-memory database to /mosquitto/data//mosquitto.db.
1656635472: Saving in-memory database to /mosquitto/data//mosquitto.db.
1656637273: Saving in-memory database to /mosquitto/data//mosquitto.db.
1656639074: Saving in-memory database to /mosquitto/data//mosquitto.db.
1656640875: Saving in-memory database to /mosquitto/data//mosquitto.db.
1656642676: Saving in-memory database to /mosquitto/data//mosquitto.db.
1656644477: Saving in-memory database to /mosquitto/data//mosquitto.db.
1656646278: Saving in-memory database to /mosquitto/data//mosquitto.db.
1656648079: Saving in-memory database to /mosquitto/data//mosquitto.db.
1656649880: Saving in-memory database to /mosquitto/data//mosquitto.db.
1656651681: Saving in-memory database to /mosquitto/data//mosquitto.db.
1656653482: Saving in-memory database to /mosquitto/data//mosquitto.db.
1656655283: Saving in-memory database to /mosquitto/data//mosquitto.db.
1656656135: Client 1K2Pw43immzVjwookAWXWY closed its connection.
1656656154: New connection from 192.168.50.100:34912 on port 1883.
1656656154: New client connected from 192.168.50.100:34912 as 1ZtJ2JLGWJvMOrHMvTCLRD (p2, c1, k60, u'admin').
1656657084: Saving in-memory database to /mosquitto/data//mosquitto.db.
1656658193: Client 1ZtJ2JLGWJvMOrHMvTCLRD closed its connection.
1656658211: New connection from 192.168.50.100:47435 on port 1883.
1656658211: New client connected from 192.168.50.100:47435 as 0lSyx2OF5QfBDhkjcFF1tQ (p2, c1, k60, u'admin').
1656658234: Client 0lSyx2OF5QfBDhkjcFF1tQ closed its connection.
1656658250: New connection from 192.168.50.100:57861 on port 1883.
1656658250: New client connected from 192.168.50.100:57861 as 1c7eu7IUNbEvGWh9LtV80h (p2, c1, k60, u'admin').
1656658571: Client 1c7eu7IUNbEvGWh9LtV80h closed its connection.
1656658588: New connection from 192.168.50.100:46015 on port 1883.
1656658588: New client connected from 192.168.50.100:46015 as 3anvzjaClImDeVwFUdbwMX (p2, c1, k60, u'admin').
1656658852: Client 3anvzjaClImDeVwFUdbwMX closed its connection.
1656658868: New connection from 192.168.50.100:35972 on port 1883.
1656658868: New client connected from 192.168.50.100:35972 as 4SSDB9besYtBtQdwJTFpjx (p2, c1, k60, u'admin').
1656658885: Saving in-memory database to /mosquitto/data//mosquitto.db.
1656658996: Client 4SSDB9besYtBtQdwJTFpjx closed its connection.
1656659013: New connection from 192.168.50.100:57088 on port 1883.
1656659013: New client connected from 192.168.50.100:57088 as 3TYiOd2a0fLSTUsV853cAM (p2, c1, k60, u'admin').
1656659111: Client 3TYiOd2a0fLSTUsV853cAM closed its connection.
1656659127: New connection from 192.168.50.100:55402 on port 1883.
1656659127: New client connected from 192.168.50.100:55402 as 5yRNIlUEFP1Jtn3xoAuITm (p2, c1, k60, u'admin').
1656660686: Saving in-memory database to /mosquitto/data//mosquitto.db.
1656662479: Client 5yRNIlUEFP1Jtn3xoAuITm closed its connection.
1656662487: Saving in-memory database to /mosquitto/data//mosquitto.db.
1656662495: New connection from 192.168.50.100:57891 on port 1883.
1656662495: New client connected from 192.168.50.100:57891 as 3bakIjbHOixcjfCLQNM2di (p2, c1, k60, u'admin').
1656664288: Saving in-memory database to /mosquitto/data//mosquitto.db.
1656666089: Saving in-memory database to /mosquitto/data//mosquitto.db.
1656667890: Saving in-memory database to /mosquitto/data//mosquitto.db.
1656669691: Saving in-memory database to /mosquitto/data//mosquitto.db.
1656671492: Saving in-memory database to /mosquitto/data//mosquitto.db.
1656673293: Saving in-memory database to /mosquitto/data//mosquitto.db.
1656675094: Saving in-memory database to /mosquitto/data//mosquitto.db.
1656676895: Saving in-memory database to /mosquitto/data//mosquitto.db.
1656678696: Saving in-memory database to /mosquitto/data//mosquitto.db.
1656680497: Saving in-memory database to /mosquitto/data//mosquitto.db.
1656682298: Saving in-memory database to /mosquitto/data//mosquitto.db.
1656684099: Saving in-memory database to /mosquitto/data//mosquitto.db.
1656685900: Saving in-memory database to /mosquitto/data//mosquitto.db.
1656687701: Saving in-memory database to /mosquitto/data//mosquitto.db.
1656689502: Saving in-memory database to /mosquitto/data//mosquitto.db.
1656691303: Saving in-memory database to /mosquitto/data//mosquitto.db.
1656693104: Saving in-memory database to /mosquitto/data//mosquitto.db.
1656694905: Saving in-memory database to /mosquitto/data//mosquitto.db.
1656696706: Saving in-memory database to /mosquitto/data//mosquitto.db.
1656698507: Saving in-memory database to /mosquitto/data//mosquitto.db.
1656700308: Saving in-memory database to /mosquitto/data//mosquitto.db.
1656702109: Saving in-memory database to /mosquitto/data//mosquitto.db.
1656703910: Saving in-memory database to /mosquitto/data//mosquitto.db.
1656705711: Saving in-memory database to /mosquitto/data//mosquitto.db.
1656707512: Saving in-memory database to /mosquitto/data//mosquitto.db.
1656709313: Saving in-memory database to /mosquitto/data//mosquitto.db.
1656711114: Saving in-memory database to /mosquitto/data//mosquitto.db.
1656712915: Saving in-memory database to /mosquitto/data//mosquitto.db.
1656714716: Saving in-memory database to /mosquitto/data//mosquitto.db.
1656716517: Saving in-memory database to /mosquitto/data//mosquitto.db.
1656718318: Saving in-memory database to /mosquitto/data//mosquitto.db.
1656720119: Saving in-memory database to /mosquitto/data//mosquitto.db.
1656721920: Saving in-memory database to /mosquitto/data//mosquitto.db.
1656723721: Saving in-memory database to /mosquitto/data//mosquitto.db.
1656725522: Saving in-memory database to /mosquitto/data//mosquitto.db.
1656727323: Saving in-memory database to /mosquitto/data//mosquitto.db.
1656729124: Saving in-memory database to /mosquitto/data//mosquitto.db.
1656730925: Saving in-memory database to /mosquitto/data//mosquitto.db.
1656732726: Saving in-memory database to /mosquitto/data//mosquitto.db.
1656734527: Saving in-memory database to /mosquitto/data//mosquitto.db.
1656736328: Saving in-memory database to /mosquitto/data//mosquitto.db.
1656738129: Saving in-memory database to /mosquitto/data//mosquitto.db.
1656739930: Saving in-memory database to /mosquitto/data//mosquitto.db.
1656741731: Saving in-memory database to /mosquitto/data//mosquitto.db.
1656743532: Saving in-memory database to /mosquitto/data//mosquitto.db.
1656745333: Saving in-memory database to /mosquitto/data//mosquitto.db.
1656747134: Saving in-memory database to /mosquitto/data//mosquitto.db.
1656748935: Saving in-memory database to /mosquitto/data//mosquitto.db.
1656750736: Saving in-memory database to /mosquitto/data//mosquitto.db.
1656752537: Saving in-memory database to /mosquitto/data//mosquitto.db.
1656754338: Saving in-memory database to /mosquitto/data//mosquitto.db.
1656756139: Saving in-memory database to /mosquitto/data//mosquitto.db.
1656757940: Saving in-memory database to /mosquitto/data//mosquitto.db.
1656759741: Saving in-memory database to /mosquitto/data//mosquitto.db.
1656761542: Saving in-memory database to /mosquitto/data//mosquitto.db.
1656763343: Saving in-memory database to /mosquitto/data//mosquitto.db.
1656765144: Saving in-memory database to /mosquitto/data//mosquitto.db.
1656766945: Saving in-memory database to /mosquitto/data//mosquitto.db.
1656768746: Saving in-memory database to /mosquitto/data//mosquitto.db.
1656770547: Saving in-memory database to /mosquitto/data//mosquitto.db.
1656772348: Saving in-memory database to /mosquitto/data//mosquitto.db.
1656774149: Saving in-memory database to /mosquitto/data//mosquitto.db.
1656775950: Saving in-memory database to /mosquitto/data//mosquitto.db.
1656777751: Saving in-memory database to /mosquitto/data//mosquitto.db.
1656779552: Saving in-memory database to /mosquitto/data//mosquitto.db.
1656781353: Saving in-memory database to /mosquitto/data//mosquitto.db.
1656783154: Saving in-memory database to /mosquitto/data//mosquitto.db.
1656784955: Saving in-memory database to /mosquitto/data//mosquitto.db.
1656786756: Saving in-memory database to /mosquitto/data//mosquitto.db.
1656788557: Saving in-memory database to /mosquitto/data//mosquitto.db.
1656790358: Saving in-memory database to /mosquitto/data//mosquitto.db.
1656792159: Saving in-memory database to /mosquitto/data//mosquitto.db.
1656793960: Saving in-memory database to /mosquitto/data//mosquitto.db.
1656795761: Saving in-memory database to /mosquitto/data//mosquitto.db.
1656797562: Saving in-memory database to /mosquitto/data//mosquitto.db.
1656799363: Saving in-memory database to /mosquitto/data//mosquitto.db.
1656801164: Saving in-memory database to /mosquitto/data//mosquitto.db.
1656802965: Saving in-memory database to /mosquitto/data//mosquitto.db.
1656804766: Saving in-memory database to /mosquitto/data//mosquitto.db.
1656806567: Saving in-memory database to /mosquitto/data//mosquitto.db.
1656808368: Saving in-memory database to /mosquitto/data//mosquitto.db.
1656810169: Saving in-memory database to /mosquitto/data//mosquitto.db.
1656811970: Saving in-memory database to /mosquitto/data//mosquitto.db.
1656813771: Saving in-memory database to /mosquitto/data//mosquitto.db.
1656815572: Saving in-memory database to /mosquitto/data//mosquitto.db.
1656817373: Saving in-memory database to /mosquitto/data//mosquitto.db.
1656819174: Saving in-memory database to /mosquitto/data//mosquitto.db.
1656820975: Saving in-memory database to /mosquitto/data//mosquitto.db.
1656822776: Saving in-memory database to /mosquitto/data//mosquitto.db.
1656824577: Saving in-memory database to /mosquitto/data//mosquitto.db.
1656826071: mosquitto version 2.0.14 starting
1656826071: Config loaded from /mosquitto/config/mosquitto.conf.
1656826071: Opening ipv4 listen socket on port 1883.
1656826071: Opening ipv6 listen socket on port 1883.
1656826071: mosquitto version 2.0.14 running
1656826102: New connection from 172.22.0.1:36722 on port 1883.
1656826102: New client connected from 172.22.0.1:36722 as test (p2, c1, k60).
1656826125: New connection from 192.168.50.100:49843 on port 1883.
1656826125: New client connected from 192.168.50.100:49843 as 2D43WHjznbUWfKRtn8VOqU (p2, c1, k60, u'admin').
1656826804: mosquitto version 2.0.14 starting
1656826804: Config loaded from /mosquitto/config/mosquitto.conf.
1656826804: Opening ipv4 listen socket on port 1883.
1656826804: Opening ipv6 listen socket on port 1883.
1656826804: mosquitto version 2.0.14 running
1656826823: New connection from 172.22.0.1:50688 on port 1883.
1656826823: New client connected from 172.22.0.1:50688 as test (p2, c1, k60).
1656826850: New connection from 192.168.50.100:60318 on port 1883.
1656826850: New client connected from 192.168.50.100:60318 as 26k18MwA2ER79VEsOxs856 (p2, c1, k60, u'admin').
1656828605: Saving in-memory database to /mosquitto/data//mosquitto.db.
1656829915: New connection from 172.22.0.1:53034 on port 1883.
1656829915: New client connected from 172.22.0.1:53034 as mqttjs_1c4eb547 (p2, c1, k60).
1656830406: Saving in-memory database to /mosquitto/data//mosquitto.db.
1656832207: Saving in-memory database to /mosquitto/data//mosquitto.db.
1656834008: Saving in-memory database to /mosquitto/data//mosquitto.db.
1656835809: Saving in-memory database to /mosquitto/data//mosquitto.db.
1656837610: Saving in-memory database to /mosquitto/data//mosquitto.db.
1656839411: Saving in-memory database to /mosquitto/data//mosquitto.db.
1656841212: Saving in-memory database to /mosquitto/data//mosquitto.db.
1656843012: Saving in-memory database to /mosquitto/data//mosquitto.db.
1656844814: Saving in-memory database to /mosquitto/data//mosquitto.db.
1656846615: Saving in-memory database to /mosquitto/data//mosquitto.db.
1656848416: Saving in-memory database to /mosquitto/data//mosquitto.db.
1656850217: Saving in-memory database to /mosquitto/data//mosquitto.db.
1656852018: Saving in-memory database to /mosquitto/data//mosquitto.db.
1656853819: Saving in-memory database to /mosquitto/data//mosquitto.db.
1656855620: Saving in-memory database to /mosquitto/data//mosquitto.db.
1656857421: Saving in-memory database to /mosquitto/data//mosquitto.db.
1656859222: Saving in-memory database to /mosquitto/data//mosquitto.db.
1656861023: Saving in-memory database to /mosquitto/data//mosquitto.db.
1656862824: Saving in-memory database to /mosquitto/data//mosquitto.db.
1656864625: Saving in-memory database to /mosquitto/data//mosquitto.db.
1656866426: Saving in-memory database to /mosquitto/data//mosquitto.db.
1656868227: Saving in-memory database to /mosquitto/data//mosquitto.db.
1656870028: Saving in-memory database to /mosquitto/data//mosquitto.db.
1656871829: Saving in-memory database to /mosquitto/data//mosquitto.db.
1656873630: Saving in-memory database to /mosquitto/data//mosquitto.db.
1656875431: Saving in-memory database to /mosquitto/data//mosquitto.db.
1656877232: Saving in-memory database to /mosquitto/data//mosquitto.db.
1656879033: Saving in-memory database to /mosquitto/data//mosquitto.db.
1656880834: Saving in-memory database to /mosquitto/data//mosquitto.db.
1656882635: Saving in-memory database to /mosquitto/data//mosquitto.db.
1656884436: Saving in-memory database to /mosquitto/data//mosquitto.db.
1656886237: Saving in-memory database to /mosquitto/data//mosquitto.db.
1656888038: Saving in-memory database to /mosquitto/data//mosquitto.db.
1656889839: Saving in-memory database to /mosquitto/data//mosquitto.db.
1656891640: Saving in-memory database to /mosquitto/data//mosquitto.db.
1656896424: mosquitto version 2.0.14 starting
1656896424: Config loaded from /mosquitto/config/mosquitto.conf.
1656896424: Opening ipv4 listen socket on port 1883.
1656896424: Opening ipv6 listen socket on port 1883.
1656896424: mosquitto version 2.0.14 running
1656896737: mosquitto version 2.0.14 terminating
1656896737: Saving in-memory database to /mosquitto/data//mosquitto.db.
1656896752: mosquitto version 2.0.14 starting
1656896752: Config loaded from /mosquitto/config/mosquitto.conf.
1656896752: Opening ipv4 listen socket on port 1883.
1656896752: Opening ipv6 listen socket on port 1883.
1656896752: mosquitto version 2.0.14 running
1656897133: mosquitto version 2.0.14 terminating
1656897133: Saving in-memory database to /mosquitto/data//mosquitto.db.
1656897135: mosquitto version 2.0.14 starting
1656897135: Config loaded from /mosquitto/config/mosquitto.conf.
1656897135: Opening ipv4 listen socket on port 1883.
1656897135: Opening ipv6 listen socket on port 1883.
1656897135: mosquitto version 2.0.14 running
1656897141: New connection from 172.19.0.1:33804 on port 1883.
1656897141: New client connected from 172.19.0.1:33804 as mqttjs_ba10e619 (p2, c1, k60).
1656897206: New connection from 172.19.0.1:33806 on port 1883.
1656897206: New client connected from 172.19.0.1:33806 as test (p2, c1, k60).
1656897490: Client mqttjs_ba10e619 disconnected.
1656897490: mosquitto version 2.0.14 terminating
1656897490: Saving in-memory database to /mosquitto/data//mosquitto.db.
